#
# There is insufficient memory for the Java Runtime Environment to continue.
# Native memory allocation (mmap) failed to map 295698432 bytes for committing reserved memory.
# Possible reasons:
#   The system is out of physical RAM or swap space
#   The process is running with CompressedOops enabled, and the Java Heap may be blocking the growth of the native heap
# Possible solutions:
#   Reduce memory load on the system
#   Increase physical memory or swap space
#   Check if swap backing store is full
#   Decrease Java heap size (-Xmx/-Xms)
#   Decrease number of Java threads
#   Decrease Java thread stack sizes (-Xss)
#   Set larger code cache with -XX:ReservedCodeCacheSize=
#   JVM is running with Unscaled Compressed Oops mode in which the Java heap is
#     placed in the first 4GB address space. The Java Heap base address is the
#     maximum limit for the native heap growth. Please use -XX:HeapBaseMinAddress
#     to set the Java Heap base and to place the Java Heap above 4GB virtual address.
# This output file may be truncated or incomplete.
#
#  Out of Memory Error (os_linux.cpp:2805), pid=2889, tid=2900
#
# JRE version: Java(TM) SE Runtime Environment (13.0.1+9) (build 13.0.1+9)
# Java VM: Java HotSpot(TM) 64-Bit Server VM (13.0.1+9, mixed mode, sharing, tiered, compressed oops, g1 gc, linux-amd64)
# Core dump will be written. Default location: Core dumps may be processed with "/usr/share/apport/apport %p %s %c %d %P" (or dumping to /home/pavol/Development/School/Bakalarka/thesis/core.2889)
#

---------------  S U M M A R Y ------------

Command Line: /home/pavol/Development/School/Bakalarka/thesis/target/surefire/surefirebooter4456891611854194461.jar /home/pavol/Development/School/Bakalarka/thesis/target/surefire 2019-12-22T15-37-52_599-jvmRun1 surefire9421921886660983916tmp surefire_02608127319480711549tmp

Host: Intel(R) Core(TM) i5-8250U CPU @ 1.60GHz, 8 cores, 7G, Linux Mint 19.1 Tessa
Time: Sun Dec 22 15:39:41 2019 CET elapsed time: 106 seconds (0d 0h 1m 46s)

---------------  T H R E A D  ---------------

Current thread (0x00007fd75817d000):  VMThread "VM Thread" [stack: 0x00007fd738743000,0x00007fd738843000] [id=2900]

Stack: [0x00007fd738743000,0x00007fd738843000],  sp=0x00007fd738840fe0,  free space=1015k
Native frames: (J=compiled Java code, A=aot compiled Java code, j=interpreted, Vv=VM code, C=native code)
V  [libjvm.so+0xdd5827]  VMError::report_and_die(int, char const*, char const*, __va_list_tag*, Thread*, unsigned char*, void*, void*, char const*, int, unsigned long)+0x377
V  [libjvm.so+0xdd63db]  VMError::report_and_die(Thread*, char const*, int, unsigned long, VMErrorType, char const*, __va_list_tag*)+0x2b
V  [libjvm.so+0x63b975]  report_vm_out_of_memory(char const*, int, unsigned long, VMErrorType, char const*, ...)+0xc5
V  [libjvm.so+0xbbaad8]  os::pd_commit_memory_or_exit(char*, unsigned long, unsigned long, bool, char const*)+0xd8
V  [libjvm.so+0xbb183d]  os::commit_memory_or_exit(char*, unsigned long, unsigned long, bool, char const*)+0x1d
V  [libjvm.so+0x7672ac]  G1PageBasedVirtualSpace::commit_preferred_pages(unsigned long, unsigned long)+0x6c
V  [libjvm.so+0x7676b4]  G1PageBasedVirtualSpace::commit(unsigned long, unsigned long)+0x174
V  [libjvm.so+0x772e26]  G1RegionsLargerThanCommitSizeMapper::commit_regions(unsigned int, unsigned long, WorkGang*)+0x46
V  [libjvm.so+0x7e7fce]  HeapRegionManager::commit_regions(unsigned int, unsigned long, WorkGang*)+0x4e
V  [libjvm.so+0x7e8cd0]  HeapRegionManager::make_regions_available(unsigned int, unsigned int, WorkGang*)+0x30
V  [libjvm.so+0x7e91f7]  HeapRegionManager::expand_at(unsigned int, unsigned int, WorkGang*)+0xf7
V  [libjvm.so+0x71f080]  G1CollectedHeap::expand(unsigned long, WorkGang*, double*)+0xe0
V  [libjvm.so+0x71fcab]  G1CollectedHeap::expand_heap_after_young_collection()+0x3b
V  [libjvm.so+0x723a9e]  G1CollectedHeap::do_collection_pause_at_safepoint(double)+0x5fe
V  [libjvm.so+0x7835d4]  VM_G1CollectForAllocation::doit()+0xa4
V  [libjvm.so+0xdd7cb7]  VM_Operation::evaluate()+0xe7
V  [libjvm.so+0xddec0e]  VMThread::evaluate_operation(VM_Operation*) [clone .constprop.68]+0xfe
V  [libjvm.so+0xddf3be]  VMThread::loop()+0x67e
V  [libjvm.so+0xddf697]  VMThread::run()+0x77
V  [libjvm.so+0xd6d10d]  Thread::call_run()+0x10d
V  [libjvm.so+0xbbf447]  thread_native_entry(Thread*)+0xe7

VM_Operation (0x00007fd75f34a700): G1CollectForAllocation, mode: safepoint, requested by thread 0x00007fd758019000


---------------  P R O C E S S  ---------------

Threads class SMR info:
_java_thread_list=0x00007fd6dc12d640, length=12, elements={
0x00007fd758019000, 0x00007fd758180000, 0x00007fd758182000, 0x00007fd758187000,
0x00007fd758189000, 0x00007fd75818b000, 0x00007fd75818d000, 0x00007fd7581d5800,
0x00007fd7581da800, 0x00007fd758268800, 0x00007fd7582ed800, 0x00007fd6ec00c000
}

Java Threads: ( => current thread )
  0x00007fd758019000 JavaThread "main" [_thread_blocked, id=2890, stack(0x00007fd75f253000,0x00007fd75f354000)]
  0x00007fd758180000 JavaThread "Reference Handler" daemon [_thread_blocked, id=2901, stack(0x00007fd738640000,0x00007fd738741000)]
  0x00007fd758182000 JavaThread "Finalizer" daemon [_thread_blocked, id=2902, stack(0x00007fd73853f000,0x00007fd738640000)]
  0x00007fd758187000 JavaThread "Signal Dispatcher" daemon [_thread_blocked, id=2903, stack(0x00007fd73802e000,0x00007fd73812f000)]
  0x00007fd758189000 JavaThread "C2 CompilerThread0" daemon [_thread_blocked, id=2904, stack(0x00007fd713eff000,0x00007fd714000000)]
  0x00007fd75818b000 JavaThread "C1 CompilerThread0" daemon [_thread_blocked, id=2905, stack(0x00007fd713dfe000,0x00007fd713eff000)]
  0x00007fd75818d000 JavaThread "Sweeper thread" daemon [_thread_blocked, id=2906, stack(0x00007fd713cfd000,0x00007fd713dfe000)]
  0x00007fd7581d5800 JavaThread "Service Thread" daemon [_thread_blocked, id=2907, stack(0x00007fd713bfc000,0x00007fd713cfd000)]
  0x00007fd7581da800 JavaThread "Common-Cleaner" daemon [_thread_blocked, id=2909, stack(0x00007fd7139f9000,0x00007fd713afa000)]
  0x00007fd758268800 JavaThread "surefire-forkedjvm-command-thread" daemon [_thread_in_native, id=2910, stack(0x00007fd7138f8000,0x00007fd7139f9000)]
  0x00007fd7582ed800 JavaThread "surefire-forkedjvm-ping-30s" daemon [_thread_blocked, id=2911, stack(0x00007fd7137f7000,0x00007fd7138f8000)]
  0x00007fd6ec00c000 JavaThread "process reaper" daemon [_thread_blocked, id=2914, stack(0x00007fd73800c000,0x00007fd73802e000)]

Other Threads:
=>0x00007fd75817d000 VMThread "VM Thread" [stack: 0x00007fd738743000,0x00007fd738843000] [id=2900]
  0x00007fd7581d8800 WatcherThread [stack: 0x00007fd713afc000,0x00007fd713bfc000] [id=2908]
  0x00007fd75806d800 GCTaskThread "GC Thread#0" [stack: 0x00007fd73bd31000,0x00007fd73be31000] [id=2893]
  0x00007fd71c001000 GCTaskThread "GC Thread#1" [stack: 0x00007fd7136f7000,0x00007fd7137f7000] [id=2915]
  0x00007fd71c002800 GCTaskThread "GC Thread#2" [stack: 0x00007fd7135f5000,0x00007fd7136f5000] [id=2916]
  0x00007fd71c006000 GCTaskThread "GC Thread#3" [stack: 0x00007fd712dda000,0x00007fd712eda000] [id=2921]
  0x00007fd71c00a000 GCTaskThread "GC Thread#4" [stack: 0x00007fd7127d7000,0x00007fd7128d7000] [id=2925]
  0x00007fd71c00b000 GCTaskThread "GC Thread#5" [stack: 0x00007fd7126d5000,0x00007fd7127d5000] [id=2926]
  0x00007fd75807f000 ConcurrentGCThread "G1 Main Marker" [stack: 0x00007fd73bc2f000,0x00007fd73bd2f000] [id=2896]
  0x00007fd758080800 ConcurrentGCThread "G1 Conc#0" [stack: 0x00007fd73bb2d000,0x00007fd73bc2d000] [id=2897]
  0x00007fd72c001000 ConcurrentGCThread "G1 Conc#1" [stack: 0x00007fd7123d3000,0x00007fd7124d3000] [id=2927]
  0x00007fd75810a800 ConcurrentGCThread "G1 Refine#0" [stack: 0x00007fd739223000,0x00007fd739323000] [id=2898]
  0x00007fd75810c000 ConcurrentGCThread "G1 Young RemSet Sampling" [stack: 0x00007fd739121000,0x00007fd739221000] [id=2899]

Threads with active compile tasks:
C2 CompilerThread0   106467 4124       4       java.util.Arrays::copyOf (40 bytes)

VM state:at safepoint (normal execution)

VM Mutex/Monitor currently owned by a thread:  ([mutex/lock_event])
[0x00007fd758014560] Threads_lock - owner thread: 0x00007fd75817d000
[0x00007fd758015160] Heap_lock - owner thread: 0x00007fd758019000

Heap address: 0x0000000085800000, size: 1960 MB, Compressed Oops mode: 32-bit
Narrow klass base: 0x0000000800000000, Narrow klass shift: 3
Compressed class space size: 1073741824 Address: 0x0000000800aed000

Heap:
 garbage-first heap   total 512000K, used 19021K [0x0000000085800000, 0x0000000100000000)
  region size 1024K, 1 young (1024K), 1 survivors (1024K)
 Metaspace       used 36590K, capacity 37626K, committed 37936K, reserved 1081344K
  class space    used 4721K, capacity 5140K, committed 5248K, reserved 1048576K
Heap Regions: E=young(eden), S=young(survivor), O=old, HS=humongous(starts), HC=humongous(continues), CS=collection set, F=free, A=archive, TAMS=top-at-mark-start (previous, next)
|   0|0x0000000085800000, 0x0000000085900000, 0x0000000085900000|100%| O|  |TAMS 0x0000000085900000, 0x0000000085800000| Untracked 
|   1|0x0000000085900000, 0x0000000085a00000, 0x0000000085a00000|100%| O|  |TAMS 0x0000000085a00000, 0x0000000085900000| Untracked 
|   2|0x0000000085a00000, 0x0000000085b00000, 0x0000000085b00000|100%| O|  |TAMS 0x0000000085b00000, 0x0000000085a00000| Untracked 
|   3|0x0000000085b00000, 0x0000000085c00000, 0x0000000085c00000|100%| O|  |TAMS 0x0000000085c00000, 0x0000000085b00000| Untracked 
|   4|0x0000000085c00000, 0x0000000085d00000, 0x0000000085d00000|100%| O|  |TAMS 0x0000000085d00000, 0x0000000085c00000| Untracked 
|   5|0x0000000085d00000, 0x0000000085e00000, 0x0000000085e00000|100%| O|  |TAMS 0x0000000085e00000, 0x0000000085d00000| Untracked 
|   6|0x0000000085e00000, 0x0000000085e6bc00, 0x0000000085f00000| 42%| O|  |TAMS 0x0000000085e6bc00, 0x0000000085e00000| Untracked 
|   7|0x0000000085f00000, 0x0000000086000000, 0x0000000086000000|100%| O|  |TAMS 0x0000000086000000, 0x0000000085f00000| Untracked 
|   8|0x0000000086000000, 0x0000000086100000, 0x0000000086100000|100%| O|  |TAMS 0x0000000086100000, 0x0000000086000000| Untracked 
|   9|0x0000000086100000, 0x0000000086200000, 0x0000000086200000|100%| O|  |TAMS 0x0000000086200000, 0x0000000086100000| Untracked 
|  10|0x0000000086200000, 0x0000000086300000, 0x0000000086300000|100%| O|  |TAMS 0x0000000086300000, 0x0000000086200000| Untracked 
|  11|0x0000000086300000, 0x0000000086400000, 0x0000000086400000|100%| O|  |TAMS 0x0000000086400000, 0x0000000086300000| Untracked 
|  12|0x0000000086400000, 0x0000000086500000, 0x0000000086500000|100%| O|  |TAMS 0x00000000864d2a00, 0x0000000086400000| Untracked 
|  13|0x0000000086500000, 0x0000000086600000, 0x0000000086600000|100%| O|  |TAMS 0x0000000086500000, 0x0000000086500000| Untracked 
|  14|0x0000000086600000, 0x0000000086700000, 0x0000000086700000|100%| O|  |TAMS 0x0000000086600000, 0x0000000086600000| Untracked 
|  15|0x0000000086700000, 0x0000000086800000, 0x0000000086800000|100%| O|  |TAMS 0x0000000086700000, 0x0000000086700000| Untracked 
|  16|0x0000000086800000, 0x0000000086900000, 0x0000000086900000|100%| O|  |TAMS 0x0000000086800000, 0x0000000086800000| Untracked 
|  17|0x0000000086900000, 0x0000000086a00000, 0x0000000086a00000|100%| O|  |TAMS 0x0000000086900000, 0x0000000086900000| Untracked 
|  18|0x0000000086a00000, 0x0000000086a61800, 0x0000000086b00000| 38%| O|  |TAMS 0x0000000086a00000, 0x0000000086a00000| Untracked 
|  19|0x0000000086b00000, 0x0000000086b00000, 0x0000000086c00000|  0%| F|  |TAMS 0x0000000086b00000, 0x0000000086b00000| Untracked 
|  20|0x0000000086c00000, 0x0000000086c00000, 0x0000000086d00000|  0%| F|  |TAMS 0x0000000086c00000, 0x0000000086c00000| Untracked 
|  21|0x0000000086d00000, 0x0000000086d00000, 0x0000000086e00000|  0%| F|  |TAMS 0x0000000086d00000, 0x0000000086d00000| Untracked 
|  22|0x0000000086e00000, 0x0000000086e00000, 0x0000000086f00000|  0%| F|  |TAMS 0x0000000086e00000, 0x0000000086e00000| Untracked 
|  23|0x0000000086f00000, 0x0000000086f00000, 0x0000000087000000|  0%| F|  |TAMS 0x0000000086f00000, 0x0000000086f00000| Untracked 
|  24|0x0000000087000000, 0x0000000087000000, 0x0000000087100000|  0%| F|  |TAMS 0x0000000087000000, 0x0000000087000000| Untracked 
|  25|0x0000000087100000, 0x0000000087100000, 0x0000000087200000|  0%| F|  |TAMS 0x0000000087100000, 0x0000000087100000| Untracked 
|  26|0x0000000087200000, 0x0000000087200000, 0x0000000087300000|  0%| F|  |TAMS 0x0000000087200000, 0x0000000087200000| Untracked 
|  27|0x0000000087300000, 0x0000000087300000, 0x0000000087400000|  0%| F|  |TAMS 0x0000000087300000, 0x0000000087300000| Untracked 
|  28|0x0000000087400000, 0x0000000087400000, 0x0000000087500000|  0%| F|  |TAMS 0x0000000087400000, 0x0000000087400000| Untracked 
|  29|0x0000000087500000, 0x0000000087500000, 0x0000000087600000|  0%| F|  |TAMS 0x0000000087500000, 0x0000000087500000| Untracked 
|  30|0x0000000087600000, 0x0000000087600000, 0x0000000087700000|  0%| F|  |TAMS 0x0000000087600000, 0x0000000087600000| Untracked 
|  31|0x0000000087700000, 0x0000000087700000, 0x0000000087800000|  0%| F|  |TAMS 0x0000000087700000, 0x0000000087700000| Untracked 
|  32|0x0000000087800000, 0x0000000087800000, 0x0000000087900000|  0%| F|  |TAMS 0x0000000087800000, 0x0000000087800000| Untracked 
|  33|0x0000000087900000, 0x0000000087900000, 0x0000000087a00000|  0%| F|  |TAMS 0x0000000087900000, 0x0000000087900000| Untracked 
|  34|0x0000000087a00000, 0x0000000087a00000, 0x0000000087b00000|  0%| F|  |TAMS 0x0000000087a00000, 0x0000000087a00000| Untracked 
|  35|0x0000000087b00000, 0x0000000087b00000, 0x0000000087c00000|  0%| F|  |TAMS 0x0000000087b00000, 0x0000000087b00000| Untracked 
|  36|0x0000000087c00000, 0x0000000087c00000, 0x0000000087d00000|  0%| F|  |TAMS 0x0000000087c00000, 0x0000000087c00000| Untracked 
|  37|0x0000000087d00000, 0x0000000087d00000, 0x0000000087e00000|  0%| F|  |TAMS 0x0000000087d00000, 0x0000000087d00000| Untracked 
|  38|0x0000000087e00000, 0x0000000087e00000, 0x0000000087f00000|  0%| F|  |TAMS 0x0000000087e00000, 0x0000000087e00000| Untracked 
|  39|0x0000000087f00000, 0x0000000087f00000, 0x0000000088000000|  0%| F|  |TAMS 0x0000000087f00000, 0x0000000087f00000| Untracked 
|  40|0x0000000088000000, 0x0000000088000000, 0x0000000088100000|  0%| F|  |TAMS 0x0000000088000000, 0x0000000088000000| Untracked 
|  41|0x0000000088100000, 0x0000000088100000, 0x0000000088200000|  0%| F|  |TAMS 0x0000000088100000, 0x0000000088100000| Untracked 
|  42|0x0000000088200000, 0x0000000088200000, 0x0000000088300000|  0%| F|  |TAMS 0x0000000088200000, 0x0000000088200000| Untracked 
|  43|0x0000000088300000, 0x0000000088300000, 0x0000000088400000|  0%| F|  |TAMS 0x0000000088300000, 0x0000000088300000| Untracked 
|  44|0x0000000088400000, 0x0000000088400000, 0x0000000088500000|  0%| F|  |TAMS 0x0000000088400000, 0x0000000088400000| Untracked 
|  45|0x0000000088500000, 0x0000000088500000, 0x0000000088600000|  0%| F|  |TAMS 0x0000000088500000, 0x0000000088500000| Untracked 
|  46|0x0000000088600000, 0x0000000088600000, 0x0000000088700000|  0%| F|  |TAMS 0x0000000088600000, 0x0000000088600000| Untracked 
|  47|0x0000000088700000, 0x0000000088700000, 0x0000000088800000|  0%| F|  |TAMS 0x0000000088700000, 0x0000000088700000| Untracked 
|  48|0x0000000088800000, 0x0000000088800000, 0x0000000088900000|  0%| F|  |TAMS 0x0000000088800000, 0x0000000088800000| Untracked 
|  49|0x0000000088900000, 0x0000000088900000, 0x0000000088a00000|  0%| F|  |TAMS 0x0000000088900000, 0x0000000088900000| Untracked 
|  50|0x0000000088a00000, 0x0000000088a00000, 0x0000000088b00000|  0%| F|  |TAMS 0x0000000088a00000, 0x0000000088a00000| Untracked 
|  51|0x0000000088b00000, 0x0000000088b00000, 0x0000000088c00000|  0%| F|  |TAMS 0x0000000088b00000, 0x0000000088b00000| Untracked 
|  52|0x0000000088c00000, 0x0000000088c00000, 0x0000000088d00000|  0%| F|  |TAMS 0x0000000088c00000, 0x0000000088c00000| Untracked 
|  53|0x0000000088d00000, 0x0000000088d00000, 0x0000000088e00000|  0%| F|  |TAMS 0x0000000088d00000, 0x0000000088d00000| Untracked 
|  54|0x0000000088e00000, 0x0000000088e00000, 0x0000000088f00000|  0%| F|  |TAMS 0x0000000088e00000, 0x0000000088e00000| Untracked 
|  55|0x0000000088f00000, 0x0000000088f00000, 0x0000000089000000|  0%| F|  |TAMS 0x0000000088f00000, 0x0000000088f00000| Untracked 
|  56|0x0000000089000000, 0x0000000089000000, 0x0000000089100000|  0%| F|  |TAMS 0x0000000089000000, 0x0000000089000000| Untracked 
|  57|0x0000000089100000, 0x0000000089100000, 0x0000000089200000|  0%| F|  |TAMS 0x0000000089100000, 0x0000000089100000| Untracked 
|  58|0x0000000089200000, 0x0000000089200000, 0x0000000089300000|  0%| F|  |TAMS 0x0000000089200000, 0x0000000089200000| Untracked 
|  59|0x0000000089300000, 0x0000000089300000, 0x0000000089400000|  0%| F|  |TAMS 0x0000000089300000, 0x0000000089300000| Untracked 
|  60|0x0000000089400000, 0x0000000089400000, 0x0000000089500000|  0%| F|  |TAMS 0x0000000089400000, 0x0000000089400000| Untracked 
|  61|0x0000000089500000, 0x0000000089500000, 0x0000000089600000|  0%| F|  |TAMS 0x0000000089500000, 0x0000000089500000| Untracked 
|  62|0x0000000089600000, 0x0000000089600000, 0x0000000089700000|  0%| F|  |TAMS 0x0000000089600000, 0x0000000089600000| Untracked 
|  63|0x0000000089700000, 0x0000000089700000, 0x0000000089800000|  0%| F|  |TAMS 0x0000000089700000, 0x0000000089700000| Untracked 
|  64|0x0000000089800000, 0x0000000089800000, 0x0000000089900000|  0%| F|  |TAMS 0x0000000089800000, 0x0000000089800000| Untracked 
|  65|0x0000000089900000, 0x0000000089900000, 0x0000000089a00000|  0%| F|  |TAMS 0x0000000089900000, 0x0000000089900000| Untracked 
|  66|0x0000000089a00000, 0x0000000089a00000, 0x0000000089b00000|  0%| F|  |TAMS 0x0000000089a00000, 0x0000000089a00000| Untracked 
|  67|0x0000000089b00000, 0x0000000089b00000, 0x0000000089c00000|  0%| F|  |TAMS 0x0000000089b00000, 0x0000000089b00000| Untracked 
|  68|0x0000000089c00000, 0x0000000089c00000, 0x0000000089d00000|  0%| F|  |TAMS 0x0000000089c00000, 0x0000000089c00000| Untracked 
|  69|0x0000000089d00000, 0x0000000089d00000, 0x0000000089e00000|  0%| F|  |TAMS 0x0000000089d00000, 0x0000000089d00000| Untracked 
|  70|0x0000000089e00000, 0x0000000089e00000, 0x0000000089f00000|  0%| F|  |TAMS 0x0000000089e00000, 0x0000000089e00000| Untracked 
|  71|0x0000000089f00000, 0x0000000089f00000, 0x000000008a000000|  0%| F|  |TAMS 0x0000000089f00000, 0x0000000089f00000| Untracked 
|  72|0x000000008a000000, 0x000000008a000000, 0x000000008a100000|  0%| F|  |TAMS 0x000000008a000000, 0x000000008a000000| Untracked 
|  73|0x000000008a100000, 0x000000008a100000, 0x000000008a200000|  0%| F|  |TAMS 0x000000008a100000, 0x000000008a100000| Untracked 
|  74|0x000000008a200000, 0x000000008a200000, 0x000000008a300000|  0%| F|  |TAMS 0x000000008a200000, 0x000000008a200000| Untracked 
|  75|0x000000008a300000, 0x000000008a300000, 0x000000008a400000|  0%| F|  |TAMS 0x000000008a300000, 0x000000008a300000| Untracked 
|  76|0x000000008a400000, 0x000000008a400000, 0x000000008a500000|  0%| F|  |TAMS 0x000000008a400000, 0x000000008a400000| Untracked 
|  77|0x000000008a500000, 0x000000008a500000, 0x000000008a600000|  0%| F|  |TAMS 0x000000008a500000, 0x000000008a500000| Untracked 
|  78|0x000000008a600000, 0x000000008a600000, 0x000000008a700000|  0%| F|  |TAMS 0x000000008a600000, 0x000000008a600000| Untracked 
|  79|0x000000008a700000, 0x000000008a700000, 0x000000008a800000|  0%| F|  |TAMS 0x000000008a700000, 0x000000008a700000| Untracked 
|  80|0x000000008a800000, 0x000000008a800000, 0x000000008a900000|  0%| F|  |TAMS 0x000000008a800000, 0x000000008a800000| Untracked 
|  81|0x000000008a900000, 0x000000008a900000, 0x000000008aa00000|  0%| F|  |TAMS 0x000000008a900000, 0x000000008a900000| Untracked 
|  82|0x000000008aa00000, 0x000000008aa00000, 0x000000008ab00000|  0%| F|  |TAMS 0x000000008aa00000, 0x000000008aa00000| Untracked 
|  83|0x000000008ab00000, 0x000000008ab00000, 0x000000008ac00000|  0%| F|  |TAMS 0x000000008ab00000, 0x000000008ab00000| Untracked 
|  84|0x000000008ac00000, 0x000000008ac00000, 0x000000008ad00000|  0%| F|  |TAMS 0x000000008ac00000, 0x000000008ac00000| Untracked 
|  85|0x000000008ad00000, 0x000000008ad00000, 0x000000008ae00000|  0%| F|  |TAMS 0x000000008ad00000, 0x000000008ad00000| Untracked 
|  86|0x000000008ae00000, 0x000000008ae00000, 0x000000008af00000|  0%| F|  |TAMS 0x000000008ae00000, 0x000000008ae00000| Untracked 
|  87|0x000000008af00000, 0x000000008af00000, 0x000000008b000000|  0%| F|  |TAMS 0x000000008af00000, 0x000000008af00000| Untracked 
|  88|0x000000008b000000, 0x000000008b000000, 0x000000008b100000|  0%| F|  |TAMS 0x000000008b000000, 0x000000008b000000| Untracked 
|  89|0x000000008b100000, 0x000000008b100000, 0x000000008b200000|  0%| F|  |TAMS 0x000000008b100000, 0x000000008b100000| Untracked 
|  90|0x000000008b200000, 0x000000008b200000, 0x000000008b300000|  0%| F|  |TAMS 0x000000008b200000, 0x000000008b200000| Untracked 
|  91|0x000000008b300000, 0x000000008b300000, 0x000000008b400000|  0%| F|  |TAMS 0x000000008b300000, 0x000000008b300000| Untracked 
|  92|0x000000008b400000, 0x000000008b400000, 0x000000008b500000|  0%| F|  |TAMS 0x000000008b400000, 0x000000008b400000| Untracked 
|  93|0x000000008b500000, 0x000000008b500000, 0x000000008b600000|  0%| F|  |TAMS 0x000000008b500000, 0x000000008b500000| Untracked 
|  94|0x000000008b600000, 0x000000008b600000, 0x000000008b700000|  0%| F|  |TAMS 0x000000008b600000, 0x000000008b600000| Untracked 
|  95|0x000000008b700000, 0x000000008b700000, 0x000000008b800000|  0%| F|  |TAMS 0x000000008b700000, 0x000000008b700000| Untracked 
|  96|0x000000008b800000, 0x000000008b800000, 0x000000008b900000|  0%| F|  |TAMS 0x000000008b800000, 0x000000008b800000| Untracked 
|  97|0x000000008b900000, 0x000000008b900000, 0x000000008ba00000|  0%| F|  |TAMS 0x000000008b900000, 0x000000008b900000| Untracked 
|  98|0x000000008ba00000, 0x000000008ba00000, 0x000000008bb00000|  0%| F|  |TAMS 0x000000008ba00000, 0x000000008ba00000| Untracked 
|  99|0x000000008bb00000, 0x000000008bb00000, 0x000000008bc00000|  0%| F|  |TAMS 0x000000008bb00000, 0x000000008bb00000| Untracked 
| 100|0x000000008bc00000, 0x000000008bc00000, 0x000000008bd00000|  0%| F|  |TAMS 0x000000008bc00000, 0x000000008bc00000| Untracked 
| 101|0x000000008bd00000, 0x000000008bd00000, 0x000000008be00000|  0%| F|  |TAMS 0x000000008bd00000, 0x000000008bd00000| Untracked 
| 102|0x000000008be00000, 0x000000008be00000, 0x000000008bf00000|  0%| F|  |TAMS 0x000000008be00000, 0x000000008be00000| Untracked 
| 103|0x000000008bf00000, 0x000000008bf00000, 0x000000008c000000|  0%| F|  |TAMS 0x000000008bf00000, 0x000000008bf00000| Untracked 
| 104|0x000000008c000000, 0x000000008c000000, 0x000000008c100000|  0%| F|  |TAMS 0x000000008c000000, 0x000000008c000000| Untracked 
| 105|0x000000008c100000, 0x000000008c100000, 0x000000008c200000|  0%| F|  |TAMS 0x000000008c100000, 0x000000008c100000| Untracked 
| 106|0x000000008c200000, 0x000000008c200000, 0x000000008c300000|  0%| F|  |TAMS 0x000000008c200000, 0x000000008c200000| Untracked 
| 107|0x000000008c300000, 0x000000008c300000, 0x000000008c400000|  0%| F|  |TAMS 0x000000008c300000, 0x000000008c300000| Untracked 
| 108|0x000000008c400000, 0x000000008c400000, 0x000000008c500000|  0%| F|  |TAMS 0x000000008c400000, 0x000000008c400000| Untracked 
| 109|0x000000008c500000, 0x000000008c500000, 0x000000008c600000|  0%| F|  |TAMS 0x000000008c500000, 0x000000008c500000| Untracked 
| 110|0x000000008c600000, 0x000000008c600000, 0x000000008c700000|  0%| F|  |TAMS 0x000000008c600000, 0x000000008c600000| Untracked 
| 111|0x000000008c700000, 0x000000008c700000, 0x000000008c800000|  0%| F|  |TAMS 0x000000008c700000, 0x000000008c700000| Untracked 
| 112|0x000000008c800000, 0x000000008c800000, 0x000000008c900000|  0%| F|  |TAMS 0x000000008c800000, 0x000000008c800000| Untracked 
| 113|0x000000008c900000, 0x000000008c900000, 0x000000008ca00000|  0%| F|  |TAMS 0x000000008c900000, 0x000000008c900000| Untracked 
| 114|0x000000008ca00000, 0x000000008ca00000, 0x000000008cb00000|  0%| F|  |TAMS 0x000000008ca00000, 0x000000008ca00000| Untracked 
| 115|0x000000008cb00000, 0x000000008cb00000, 0x000000008cc00000|  0%| F|  |TAMS 0x000000008cb00000, 0x000000008cb00000| Untracked 
| 116|0x000000008cc00000, 0x000000008cc00000, 0x000000008cd00000|  0%| F|  |TAMS 0x000000008cc00000, 0x000000008cc00000| Untracked 
| 117|0x000000008cd00000, 0x000000008cd00000, 0x000000008ce00000|  0%| F|  |TAMS 0x000000008cd00000, 0x000000008cd00000| Untracked 
| 118|0x000000008ce00000, 0x000000008ce00000, 0x000000008cf00000|  0%| F|  |TAMS 0x000000008ce00000, 0x000000008ce00000| Untracked 
| 119|0x000000008cf00000, 0x000000008cf00000, 0x000000008d000000|  0%| F|  |TAMS 0x000000008cf00000, 0x000000008cf00000| Untracked 
| 120|0x000000008d000000, 0x000000008d000000, 0x000000008d100000|  0%| F|  |TAMS 0x000000008d000000, 0x000000008d000000| Untracked 
| 121|0x000000008d100000, 0x000000008d100000, 0x000000008d200000|  0%| F|  |TAMS 0x000000008d100000, 0x000000008d100000| Untracked 
| 122|0x000000008d200000, 0x000000008d200000, 0x000000008d300000|  0%| F|  |TAMS 0x000000008d200000, 0x000000008d200000| Untracked 
| 123|0x000000008d300000, 0x000000008d300000, 0x000000008d400000|  0%| F|  |TAMS 0x000000008d300000, 0x000000008d300000| Untracked 
| 124|0x000000008d400000, 0x000000008d400000, 0x000000008d500000|  0%| F|  |TAMS 0x000000008d400000, 0x000000008d400000| Untracked 
| 125|0x000000008d500000, 0x000000008d500000, 0x000000008d600000|  0%| F|  |TAMS 0x000000008d500000, 0x000000008d500000| Untracked 
| 126|0x000000008d600000, 0x000000008d600000, 0x000000008d700000|  0%| F|  |TAMS 0x000000008d600000, 0x000000008d600000| Untracked 
| 127|0x000000008d700000, 0x000000008d700000, 0x000000008d800000|  0%| F|  |TAMS 0x000000008d700000, 0x000000008d700000| Untracked 
| 128|0x000000008d800000, 0x000000008d800000, 0x000000008d900000|  0%| F|  |TAMS 0x000000008d800000, 0x000000008d800000| Untracked 
| 129|0x000000008d900000, 0x000000008d900000, 0x000000008da00000|  0%| F|  |TAMS 0x000000008d900000, 0x000000008d900000| Untracked 
| 130|0x000000008da00000, 0x000000008da00000, 0x000000008db00000|  0%| F|  |TAMS 0x000000008da00000, 0x000000008da00000| Untracked 
| 131|0x000000008db00000, 0x000000008db00000, 0x000000008dc00000|  0%| F|  |TAMS 0x000000008db00000, 0x000000008db00000| Untracked 
| 132|0x000000008dc00000, 0x000000008dc00000, 0x000000008dd00000|  0%| F|  |TAMS 0x000000008dc00000, 0x000000008dc00000| Untracked 
| 133|0x000000008dd00000, 0x000000008dd00000, 0x000000008de00000|  0%| F|  |TAMS 0x000000008dd00000, 0x000000008dd00000| Untracked 
| 134|0x000000008de00000, 0x000000008de00000, 0x000000008df00000|  0%| F|  |TAMS 0x000000008de00000, 0x000000008de00000| Untracked 
| 135|0x000000008df00000, 0x000000008df00000, 0x000000008e000000|  0%| F|  |TAMS 0x000000008df00000, 0x000000008df00000| Untracked 
| 136|0x000000008e000000, 0x000000008e000000, 0x000000008e100000|  0%| F|  |TAMS 0x000000008e000000, 0x000000008e000000| Untracked 
| 137|0x000000008e100000, 0x000000008e100000, 0x000000008e200000|  0%| F|  |TAMS 0x000000008e100000, 0x000000008e100000| Untracked 
| 138|0x000000008e200000, 0x000000008e200000, 0x000000008e300000|  0%| F|  |TAMS 0x000000008e200000, 0x000000008e200000| Untracked 
| 139|0x000000008e300000, 0x000000008e300000, 0x000000008e400000|  0%| F|  |TAMS 0x000000008e300000, 0x000000008e300000| Untracked 
| 140|0x000000008e400000, 0x000000008e400000, 0x000000008e500000|  0%| F|  |TAMS 0x000000008e400000, 0x000000008e400000| Untracked 
| 141|0x000000008e500000, 0x000000008e500000, 0x000000008e600000|  0%| F|  |TAMS 0x000000008e500000, 0x000000008e500000| Untracked 
| 142|0x000000008e600000, 0x000000008e600000, 0x000000008e700000|  0%| F|  |TAMS 0x000000008e600000, 0x000000008e600000| Untracked 
| 143|0x000000008e700000, 0x000000008e700000, 0x000000008e800000|  0%| F|  |TAMS 0x000000008e700000, 0x000000008e700000| Untracked 
| 144|0x000000008e800000, 0x000000008e800000, 0x000000008e900000|  0%| F|  |TAMS 0x000000008e800000, 0x000000008e800000| Untracked 
| 145|0x000000008e900000, 0x000000008e900000, 0x000000008ea00000|  0%| F|  |TAMS 0x000000008e900000, 0x000000008e900000| Untracked 
| 146|0x000000008ea00000, 0x000000008ea00000, 0x000000008eb00000|  0%| F|  |TAMS 0x000000008ea00000, 0x000000008ea00000| Untracked 
| 147|0x000000008eb00000, 0x000000008eb00000, 0x000000008ec00000|  0%| F|  |TAMS 0x000000008eb00000, 0x000000008eb00000| Untracked 
| 148|0x000000008ec00000, 0x000000008ec00000, 0x000000008ed00000|  0%| F|  |TAMS 0x000000008ec00000, 0x000000008ec00000| Untracked 
| 149|0x000000008ed00000, 0x000000008ed00000, 0x000000008ee00000|  0%| F|  |TAMS 0x000000008ed00000, 0x000000008ed00000| Untracked 
| 150|0x000000008ee00000, 0x000000008ee00000, 0x000000008ef00000|  0%| F|  |TAMS 0x000000008ee00000, 0x000000008ee00000| Untracked 
| 151|0x000000008ef00000, 0x000000008ef00000, 0x000000008f000000|  0%| F|  |TAMS 0x000000008ef00000, 0x000000008ef00000| Untracked 
| 152|0x000000008f000000, 0x000000008f000000, 0x000000008f100000|  0%| F|  |TAMS 0x000000008f000000, 0x000000008f000000| Untracked 
| 153|0x000000008f100000, 0x000000008f100000, 0x000000008f200000|  0%| F|  |TAMS 0x000000008f100000, 0x000000008f100000| Untracked 
| 154|0x000000008f200000, 0x000000008f200000, 0x000000008f300000|  0%| F|  |TAMS 0x000000008f200000, 0x000000008f200000| Untracked 
| 155|0x000000008f300000, 0x000000008f300000, 0x000000008f400000|  0%| F|  |TAMS 0x000000008f300000, 0x000000008f300000| Untracked 
| 156|0x000000008f400000, 0x000000008f400000, 0x000000008f500000|  0%| F|  |TAMS 0x000000008f400000, 0x000000008f400000| Untracked 
| 157|0x000000008f500000, 0x000000008f500000, 0x000000008f600000|  0%| F|  |TAMS 0x000000008f500000, 0x000000008f500000| Untracked 
| 158|0x000000008f600000, 0x000000008f600000, 0x000000008f700000|  0%| F|  |TAMS 0x000000008f600000, 0x000000008f600000| Untracked 
| 159|0x000000008f700000, 0x000000008f700000, 0x000000008f800000|  0%| F|  |TAMS 0x000000008f700000, 0x000000008f700000| Untracked 
| 160|0x000000008f800000, 0x000000008f800000, 0x000000008f900000|  0%| F|  |TAMS 0x000000008f800000, 0x000000008f800000| Untracked 
| 161|0x000000008f900000, 0x000000008f900000, 0x000000008fa00000|  0%| F|  |TAMS 0x000000008f900000, 0x000000008f900000| Untracked 
| 162|0x000000008fa00000, 0x000000008fa00000, 0x000000008fb00000|  0%| F|  |TAMS 0x000000008fa00000, 0x000000008fa00000| Untracked 
| 163|0x000000008fb00000, 0x000000008fb00000, 0x000000008fc00000|  0%| F|  |TAMS 0x000000008fb00000, 0x000000008fb00000| Untracked 
| 164|0x000000008fc00000, 0x000000008fc00000, 0x000000008fd00000|  0%| F|  |TAMS 0x000000008fc00000, 0x000000008fc00000| Untracked 
| 165|0x000000008fd00000, 0x000000008fd00000, 0x000000008fe00000|  0%| F|  |TAMS 0x000000008fd00000, 0x000000008fd00000| Untracked 
| 166|0x000000008fe00000, 0x000000008fe00000, 0x000000008ff00000|  0%| F|  |TAMS 0x000000008fe00000, 0x000000008fe00000| Untracked 
| 167|0x000000008ff00000, 0x000000008ff00000, 0x0000000090000000|  0%| F|  |TAMS 0x000000008ff00000, 0x000000008ff00000| Untracked 
| 168|0x0000000090000000, 0x0000000090000000, 0x0000000090100000|  0%| F|  |TAMS 0x0000000090000000, 0x0000000090000000| Untracked 
| 169|0x0000000090100000, 0x0000000090100000, 0x0000000090200000|  0%| F|  |TAMS 0x0000000090100000, 0x0000000090100000| Untracked 
| 170|0x0000000090200000, 0x0000000090200000, 0x0000000090300000|  0%| F|  |TAMS 0x0000000090200000, 0x0000000090200000| Untracked 
| 171|0x0000000090300000, 0x0000000090300000, 0x0000000090400000|  0%| F|  |TAMS 0x0000000090300000, 0x0000000090300000| Untracked 
| 172|0x0000000090400000, 0x0000000090400000, 0x0000000090500000|  0%| F|  |TAMS 0x0000000090400000, 0x0000000090400000| Untracked 
| 173|0x0000000090500000, 0x0000000090500000, 0x0000000090600000|  0%| F|  |TAMS 0x0000000090500000, 0x0000000090500000| Untracked 
| 174|0x0000000090600000, 0x0000000090600000, 0x0000000090700000|  0%| F|  |TAMS 0x0000000090600000, 0x0000000090600000| Untracked 
| 175|0x0000000090700000, 0x0000000090700000, 0x0000000090800000|  0%| F|  |TAMS 0x0000000090700000, 0x0000000090700000| Untracked 
| 176|0x0000000090800000, 0x0000000090800000, 0x0000000090900000|  0%| F|  |TAMS 0x0000000090800000, 0x0000000090800000| Untracked 
| 177|0x0000000090900000, 0x0000000090900000, 0x0000000090a00000|  0%| F|  |TAMS 0x0000000090900000, 0x0000000090900000| Untracked 
| 178|0x0000000090a00000, 0x0000000090a00000, 0x0000000090b00000|  0%| F|  |TAMS 0x0000000090a00000, 0x0000000090a00000| Untracked 
| 179|0x0000000090b00000, 0x0000000090b00000, 0x0000000090c00000|  0%| F|  |TAMS 0x0000000090b00000, 0x0000000090b00000| Untracked 
| 180|0x0000000090c00000, 0x0000000090c00000, 0x0000000090d00000|  0%| F|  |TAMS 0x0000000090c00000, 0x0000000090c00000| Untracked 
| 181|0x0000000090d00000, 0x0000000090d00000, 0x0000000090e00000|  0%| F|  |TAMS 0x0000000090d00000, 0x0000000090d00000| Untracked 
| 182|0x0000000090e00000, 0x0000000090e00000, 0x0000000090f00000|  0%| F|  |TAMS 0x0000000090e00000, 0x0000000090e00000| Untracked 
| 183|0x0000000090f00000, 0x0000000090f00000, 0x0000000091000000|  0%| F|  |TAMS 0x0000000090f00000, 0x0000000090f00000| Untracked 
| 184|0x0000000091000000, 0x0000000091000000, 0x0000000091100000|  0%| F|  |TAMS 0x0000000091000000, 0x0000000091000000| Untracked 
| 185|0x0000000091100000, 0x0000000091100000, 0x0000000091200000|  0%| F|  |TAMS 0x0000000091100000, 0x0000000091100000| Untracked 
| 186|0x0000000091200000, 0x0000000091200000, 0x0000000091300000|  0%| F|  |TAMS 0x0000000091200000, 0x0000000091200000| Untracked 
| 187|0x0000000091300000, 0x0000000091300000, 0x0000000091400000|  0%| F|  |TAMS 0x0000000091300000, 0x0000000091300000| Untracked 
| 188|0x0000000091400000, 0x0000000091400000, 0x0000000091500000|  0%| F|  |TAMS 0x0000000091400000, 0x0000000091400000| Untracked 
| 189|0x0000000091500000, 0x0000000091500000, 0x0000000091600000|  0%| F|  |TAMS 0x0000000091500000, 0x0000000091500000| Untracked 
| 190|0x0000000091600000, 0x0000000091600000, 0x0000000091700000|  0%| F|  |TAMS 0x0000000091600000, 0x0000000091600000| Untracked 
| 191|0x0000000091700000, 0x0000000091700000, 0x0000000091800000|  0%| F|  |TAMS 0x0000000091700000, 0x0000000091700000| Untracked 
| 192|0x0000000091800000, 0x0000000091800000, 0x0000000091900000|  0%| F|  |TAMS 0x0000000091800000, 0x0000000091800000| Untracked 
| 193|0x0000000091900000, 0x0000000091900000, 0x0000000091a00000|  0%| F|  |TAMS 0x0000000091900000, 0x0000000091900000| Untracked 
| 194|0x0000000091a00000, 0x0000000091a00000, 0x0000000091b00000|  0%| F|  |TAMS 0x0000000091a00000, 0x0000000091a00000| Untracked 
| 195|0x0000000091b00000, 0x0000000091b00000, 0x0000000091c00000|  0%| F|  |TAMS 0x0000000091b00000, 0x0000000091b00000| Untracked 
| 196|0x0000000091c00000, 0x0000000091c00000, 0x0000000091d00000|  0%| F|  |TAMS 0x0000000091c00000, 0x0000000091c00000| Untracked 
| 197|0x0000000091d00000, 0x0000000091d00000, 0x0000000091e00000|  0%| F|  |TAMS 0x0000000091d00000, 0x0000000091d00000| Untracked 
| 198|0x0000000091e00000, 0x0000000091e00000, 0x0000000091f00000|  0%| F|  |TAMS 0x0000000091e00000, 0x0000000091e00000| Untracked 
| 199|0x0000000091f00000, 0x0000000091f00000, 0x0000000092000000|  0%| F|  |TAMS 0x0000000091f00000, 0x0000000091f00000| Untracked 
| 200|0x0000000092000000, 0x0000000092000000, 0x0000000092100000|  0%| F|  |TAMS 0x0000000092000000, 0x0000000092000000| Untracked 
| 201|0x0000000092100000, 0x0000000092100000, 0x0000000092200000|  0%| F|  |TAMS 0x0000000092100000, 0x0000000092100000| Untracked 
| 202|0x0000000092200000, 0x0000000092200000, 0x0000000092300000|  0%| F|  |TAMS 0x0000000092200000, 0x0000000092200000| Untracked 
| 203|0x0000000092300000, 0x0000000092300000, 0x0000000092400000|  0%| F|  |TAMS 0x0000000092300000, 0x0000000092300000| Untracked 
| 204|0x0000000092400000, 0x0000000092400000, 0x0000000092500000|  0%| F|  |TAMS 0x0000000092400000, 0x0000000092400000| Untracked 
| 205|0x0000000092500000, 0x0000000092504080, 0x0000000092600000|  1%| S|CS|TAMS 0x0000000092500000, 0x0000000092500000| Complete 
| 206|0x0000000092600000, 0x0000000092600000, 0x0000000092700000|  0%| F|  |TAMS 0x0000000092600000, 0x0000000092600000| Untracked 
| 207|0x0000000092700000, 0x0000000092700000, 0x0000000092800000|  0%| F|  |TAMS 0x0000000092700000, 0x0000000092700000| Untracked 
| 208|0x0000000092800000, 0x0000000092800000, 0x0000000092900000|  0%| F|  |TAMS 0x0000000092800000, 0x0000000092800000| Untracked 
| 209|0x0000000092900000, 0x0000000092900000, 0x0000000092a00000|  0%| F|  |TAMS 0x0000000092900000, 0x0000000092900000| Untracked 
| 210|0x0000000092a00000, 0x0000000092a00000, 0x0000000092b00000|  0%| F|  |TAMS 0x0000000092a00000, 0x0000000092a00000| Untracked 
| 211|0x0000000092b00000, 0x0000000092b00000, 0x0000000092c00000|  0%| F|  |TAMS 0x0000000092b00000, 0x0000000092b00000| Untracked 
| 212|0x0000000092c00000, 0x0000000092c00000, 0x0000000092d00000|  0%| F|  |TAMS 0x0000000092c00000, 0x0000000092c00000| Untracked 
| 213|0x0000000092d00000, 0x0000000092d00000, 0x0000000092e00000|  0%| F|  |TAMS 0x0000000092d00000, 0x0000000092d00000| Untracked 
| 214|0x0000000092e00000, 0x0000000092e00000, 0x0000000092f00000|  0%| F|  |TAMS 0x0000000092e00000, 0x0000000092e00000| Untracked 
| 215|0x0000000092f00000, 0x0000000092f00000, 0x0000000093000000|  0%| F|  |TAMS 0x0000000092f00000, 0x0000000092f00000| Untracked 
|1958|0x00000000ffe00000, 0x00000000ffe48000, 0x00000000fff00000| 28%|OA|  |TAMS 0x00000000ffe48000, 0x00000000ffe00000| Untracked 
|1959|0x00000000fff00000, 0x00000000fff7a000, 0x0000000100000000| 47%|CA|  |TAMS 0x00000000fff7a000, 0x00000000fff00000| Untracked 

Card table byte_map: [0x00007fd73ffc4000,0x00007fd740398000] _byte_map_base: 0x00007fd73fb98000

Marking Bits (Prev, Next): (CMBitMap*) 0x00007fd75806e9a8, (CMBitMap*) 0x00007fd75806e9e8
 Prev Bits: [0x00007fd73dd50000, 0x00007fd73fbf0000)
 Next Bits: [0x00007fd73beb0000, 0x00007fd73dd50000)

Polling page: 0x00007fd75f37c000

Metaspace:

Usage:
  Non-class:     31,72 MB capacity,    31,12 MB ( 98%) used,   492,85 KB (  2%) free+waste,   123,50 KB ( <1%) overhead. 
      Class:      5,02 MB capacity,     4,61 MB ( 92%) used,   358,67 KB (  7%) free+waste,    60,19 KB (  1%) overhead. 
       Both:     36,74 MB capacity,    35,73 MB ( 97%) used,   851,52 KB (  2%) free+waste,   183,69 KB ( <1%) overhead. 

Virtual space:
  Non-class space:       32,00 MB reserved,      31,92 MB (>99%) committed 
      Class space:        1,00 GB reserved,       5,12 MB ( <1%) committed 
             Both:        1,03 GB reserved,      37,05 MB (  4%) committed 

Chunk freelists:
   Non-Class:  82,00 KB
       Class:  24,00 KB
        Both:  106,00 KB

MaxMetaspaceSize: unlimited
CompressedClassSpaceSize: 1,00 GB

CodeHeap 'non-profiled nmethods': size=120032Kb used=1506Kb max_used=1699Kb free=118525Kb
 bounds [0x00007fd748537000, 0x00007fd7487a7000, 0x00007fd74fa6f000]
CodeHeap 'profiled nmethods': size=120028Kb used=7603Kb max_used=8782Kb free=112424Kb
 bounds [0x00007fd741000000, 0x00007fd7418a0000, 0x00007fd748537000]
CodeHeap 'non-nmethods': size=5700Kb used=1269Kb max_used=1295Kb free=4430Kb
 bounds [0x00007fd740a6f000, 0x00007fd740cdf000, 0x00007fd741000000]
 total_blobs=5665 nmethods=3520 adapters=449
 compilation: enabled
              stopped_count=0, restarted_count=0
 full_count=0

Compilation events (20 events):
Event: 61,748 Thread 0x00007fd75818b000 4109       3       ch.qos.logback.classic.Logger::appendLoopOnAppenders (18 bytes)
Event: 62,280 Thread 0x00007fd75818b000 nmethod 4109 0x00007fd741002e90 code [0x00007fd741003040, 0x00007fd741003268]
Event: 62,327 Thread 0x00007fd75818b000 4111       3       java.util.stream.FindOps$FindSink$OfInt$$Lambda$43/0x0000000800b64040::get (8 bytes)
Event: 63,348 Thread 0x00007fd75818b000 nmethod 4111 0x00007fd741071e90 code [0x00007fd741072040, 0x00007fd741072330]
Event: 63,370 Thread 0x00007fd758189000 nmethod 4108 0x00007fd74859a710 code [0x00007fd74859a880, 0x00007fd74859a938]
Event: 63,379 Thread 0x00007fd758189000 4117   !   4       sun.security.ssl.SSLTransport::decode (439 bytes)
Event: 63,464 Thread 0x00007fd75818b000 4119       3       org.apache.maven.surefire.booter.ProcessInfo::isInvalid (13 bytes)
Event: 63,465 Thread 0x00007fd75818b000 nmethod 4119 0x00007fd74103dd90 code [0x00007fd74103df20, 0x00007fd74103e0f0]
Event: 63,465 Thread 0x00007fd75818b000 4120       3       org.apache.maven.surefire.booter.ProcessInfo::isError (13 bytes)
Event: 63,465 Thread 0x00007fd75818b000 nmethod 4120 0x00007fd741094590 code [0x00007fd741094720, 0x00007fd7410948f0]
Event: 64,602 Thread 0x00007fd758189000 nmethod 4117 0x00007fd748598710 code [0x00007fd748598900, 0x00007fd7485995d8]
Event: 64,842 Thread 0x00007fd758189000 4115       4       java.io.FilterInputStream::read (9 bytes)
Event: 66,158 Thread 0x00007fd75818b000 4122       3       java.util.stream.IntPipeline::<init> (7 bytes)
Event: 66,754 Thread 0x00007fd75818b000 nmethod 4122 0x00007fd741096a10 code [0x00007fd741096bc0, 0x00007fd741096d68]
Event: 66,985 Thread 0x00007fd758189000 nmethod 4115 0x00007fd748598390 code [0x00007fd748598520, 0x00007fd7485985e8]
Event: 69,635 Thread 0x00007fd758189000 4116   !   4       sun.security.ssl.SSLSocketImpl::decode (94 bytes)
Event: 79,019 Thread 0x00007fd75818b000 4125  s    3       java.lang.StringBuffer::append (13 bytes)
Event: 85,851 Thread 0x00007fd75818b000 nmethod 4125 0x00007fd74109f590 code [0x00007fd74109f740, 0x00007fd74109fac8]
Event: 92,254 Thread 0x00007fd758189000 nmethod 4116 0x00007fd748651610 code [0x00007fd7486517c0, 0x00007fd748651ab8]
Event: 92,503 Thread 0x00007fd758189000 4124       4       java.util.Arrays::copyOf (40 bytes)

GC Heap History (20 events):
Event: 34,749 GC heap after
{Heap after GC invocations=13 (full 0):
 garbage-first heap   total 73728K, used 19145K [0x0000000085800000, 0x0000000100000000)
  region size 1024K, 1 young (1024K), 1 survivors (1024K)
 Metaspace       used 36576K, capacity 37625K, committed 37936K, reserved 1081344K
  class space    used 4721K, capacity 5140K, committed 5248K, reserved 1048576K
}
Event: 45,485 GC heap before
{Heap before GC invocations=13 (full 0):
 garbage-first heap   total 73728K, used 50889K [0x0000000085800000, 0x0000000100000000)
  region size 1024K, 32 young (32768K), 1 survivors (1024K)
 Metaspace       used 36583K, capacity 37625K, committed 37936K, reserved 1081344K
  class space    used 4721K, capacity 5140K, committed 5248K, reserved 1048576K
}
Event: 45,549 GC heap after
{Heap after GC invocations=14 (full 0):
 garbage-first heap   total 73728K, used 19066K [0x0000000085800000, 0x0000000100000000)
  region size 1024K, 1 young (1024K), 1 survivors (1024K)
 Metaspace       used 36583K, capacity 37625K, committed 37936K, reserved 1081344K
  class space    used 4721K, capacity 5140K, committed 5248K, reserved 1048576K
}
Event: 55,528 GC heap before
{Heap before GC invocations=14 (full 0):
 garbage-first heap   total 73728K, used 51834K [0x0000000085800000, 0x0000000100000000)
  region size 1024K, 33 young (33792K), 1 survivors (1024K)
 Metaspace       used 36588K, capacity 37625K, committed 37936K, reserved 1081344K
  class space    used 4721K, capacity 5140K, committed 5248K, reserved 1048576K
}
Event: 55,666 GC heap after
{Heap after GC invocations=15 (full 0):
 garbage-first heap   total 105472K, used 19087K [0x0000000085800000, 0x0000000100000000)
  region size 1024K, 1 young (1024K), 1 survivors (1024K)
 Metaspace       used 36588K, capacity 37625K, committed 37936K, reserved 1081344K
  class space    used 4721K, capacity 5140K, committed 5248K, reserved 1048576K
}
Event: 67,105 GC heap before
{Heap before GC invocations=15 (full 0):
 garbage-first heap   total 105472K, used 64143K [0x0000000085800000, 0x0000000100000000)
  region size 1024K, 45 young (46080K), 1 survivors (1024K)
 Metaspace       used 36590K, capacity 37626K, committed 37936K, reserved 1081344K
  class space    used 4721K, capacity 5140K, committed 5248K, reserved 1048576K
}
Event: 69,054 GC heap after
{Heap after GC invocations=16 (full 0):
 garbage-first heap   total 105472K, used 19085K [0x0000000085800000, 0x0000000100000000)
  region size 1024K, 1 young (1024K), 1 survivors (1024K)
 Metaspace       used 36590K, capacity 37626K, committed 37936K, reserved 1081344K
  class space    used 4721K, capacity 5140K, committed 5248K, reserved 1048576K
}
Event: 70,145 GC heap before
{Heap before GC invocations=16 (full 0):
 garbage-first heap   total 105472K, used 23181K [0x0000000085800000, 0x0000000100000000)
  region size 1024K, 5 young (5120K), 1 survivors (1024K)
 Metaspace       used 36590K, capacity 37626K, committed 37936K, reserved 1081344K
  class space    used 4721K, capacity 5140K, committed 5248K, reserved 1048576K
}
Event: 71,563 GC heap after
{Heap after GC invocations=17 (full 0):
 garbage-first heap   total 105472K, used 19083K [0x0000000085800000, 0x0000000100000000)
  region size 1024K, 1 young (1024K), 1 survivors (1024K)
 Metaspace       used 36590K, capacity 37626K, committed 37936K, reserved 1081344K
  class space    used 4721K, capacity 5140K, committed 5248K, reserved 1048576K
}
Event: 73,736 GC heap before
{Heap before GC invocations=17 (full 0):
 garbage-first heap   total 105472K, used 22155K [0x0000000085800000, 0x0000000100000000)
  region size 1024K, 5 young (5120K), 1 survivors (1024K)
 Metaspace       used 36590K, capacity 37626K, committed 37936K, reserved 1081344K
  class space    used 4721K, capacity 5140K, committed 5248K, reserved 1048576K
}
Event: 75,479 GC heap after
{Heap after GC invocations=18 (full 0):
 garbage-first heap   total 105472K, used 19094K [0x0000000085800000, 0x0000000100000000)
  region size 1024K, 1 young (1024K), 1 survivors (1024K)
 Metaspace       used 36590K, capacity 37626K, committed 37936K, reserved 1081344K
  class space    used 4721K, capacity 5140K, committed 5248K, reserved 1048576K
}
Event: 80,469 GC heap before
{Heap before GC invocations=18 (full 0):
 garbage-first heap   total 105472K, used 22166K [0x0000000085800000, 0x0000000100000000)
  region size 1024K, 5 young (5120K), 1 survivors (1024K)
 Metaspace       used 36590K, capacity 37626K, committed 37936K, reserved 1081344K
  class space    used 4721K, capacity 5140K, committed 5248K, reserved 1048576K
}
Event: 84,798 GC heap after
{Heap after GC invocations=19 (full 0):
 garbage-first heap   total 223232K, used 19058K [0x0000000085800000, 0x0000000100000000)
  region size 1024K, 1 young (1024K), 1 survivors (1024K)
 Metaspace       used 36590K, capacity 37626K, committed 37936K, reserved 1081344K
  class space    used 4721K, capacity 5140K, committed 5248K, reserved 1048576K
}
Event: 86,962 GC heap before
{Heap before GC invocations=19 (full 0):
 garbage-first heap   total 223232K, used 27250K [0x0000000085800000, 0x0000000100000000)
  region size 1024K, 10 young (10240K), 1 survivors (1024K)
 Metaspace       used 36590K, capacity 37626K, committed 37936K, reserved 1081344K
  class space    used 4721K, capacity 5140K, committed 5248K, reserved 1048576K
}
Event: 87,786 GC heap after
{Heap after GC invocations=20 (full 0):
 garbage-first heap   total 223232K, used 19089K [0x0000000085800000, 0x0000000100000000)
  region size 1024K, 1 young (1024K), 1 survivors (1024K)
 Metaspace       used 36590K, capacity 37626K, committed 37936K, reserved 1081344K
  class space    used 4721K, capacity 5140K, committed 5248K, reserved 1048576K
}
Event: 93,250 GC heap before
{Heap before GC invocations=20 (full 0):
 garbage-first heap   total 223232K, used 27281K [0x0000000085800000, 0x0000000100000000)
  region size 1024K, 10 young (10240K), 1 survivors (1024K)
 Metaspace       used 36590K, capacity 37626K, committed 37936K, reserved 1081344K
  class space    used 4721K, capacity 5140K, committed 5248K, reserved 1048576K
}
Event: 96,269 GC heap after
{Heap after GC invocations=21 (full 0):
 garbage-first heap   total 223232K, used 19047K [0x0000000085800000, 0x0000000100000000)
  region size 1024K, 1 young (1024K), 1 survivors (1024K)
 Metaspace       used 36590K, capacity 37626K, committed 37936K, reserved 1081344K
  class space    used 4721K, capacity 5140K, committed 5248K, reserved 1048576K
}
Event: 98,717 GC heap before
{Heap before GC invocations=21 (full 0):
 garbage-first heap   total 223232K, used 28263K [0x0000000085800000, 0x0000000100000000)
  region size 1024K, 10 young (10240K), 1 survivors (1024K)
 Metaspace       used 36590K, capacity 37626K, committed 37936K, reserved 1081344K
  class space    used 4721K, capacity 5140K, committed 5248K, reserved 1048576K
}
Event: 100,356 GC heap after
{Heap after GC invocations=22 (full 0):
 garbage-first heap   total 223232K, used 19021K [0x0000000085800000, 0x0000000100000000)
  region size 1024K, 1 young (1024K), 1 survivors (1024K)
 Metaspace       used 36590K, capacity 37626K, committed 37936K, reserved 1081344K
  class space    used 4721K, capacity 5140K, committed 5248K, reserved 1048576K
}
Event: 104,776 GC heap before
{Heap before GC invocations=22 (full 0):
 garbage-first heap   total 223232K, used 27213K [0x0000000085800000, 0x0000000100000000)
  region size 1024K, 10 young (10240K), 1 survivors (1024K)
 Metaspace       used 36590K, capacity 37626K, committed 37936K, reserved 1081344K
  class space    used 4721K, capacity 5140K, committed 5248K, reserved 1048576K
}

Deoptimization events (20 events):
Event: 6,000 Thread 0x00007fd758019000 DEOPT PACKING pc=0x00007fd74181a467 sp=0x00007fd75f349cc0
Event: 6,000 Thread 0x00007fd758019000 DEOPT UNPACKING pc=0x00007fd740ab833a sp=0x00007fd75f3491f0 mode 0
Event: 6,000 Thread 0x00007fd758019000 DEOPT PACKING pc=0x00007fd74181997a sp=0x00007fd75f349c90
Event: 6,000 Thread 0x00007fd758019000 DEOPT UNPACKING pc=0x00007fd740ab833a sp=0x00007fd75f3491f0 mode 0
Event: 6,014 Thread 0x00007fd758019000 DEOPT PACKING pc=0x00007fd74181a467 sp=0x00007fd75f349cc0
Event: 6,014 Thread 0x00007fd758019000 DEOPT UNPACKING pc=0x00007fd740ab833a sp=0x00007fd75f3491f0 mode 0
Event: 6,019 Thread 0x00007fd758019000 DEOPT PACKING pc=0x00007fd74181a467 sp=0x00007fd75f349cc0
Event: 6,019 Thread 0x00007fd758019000 DEOPT UNPACKING pc=0x00007fd740ab833a sp=0x00007fd75f3491f0 mode 0
Event: 7,075 Thread 0x00007fd758019000 DEOPT PACKING pc=0x00007fd74182c0aa sp=0x00007fd75f349f10
Event: 7,082 Thread 0x00007fd758019000 DEOPT UNPACKING pc=0x00007fd740ab833a sp=0x00007fd75f349400 mode 0
Event: 7,100 Thread 0x00007fd758019000 DEOPT PACKING pc=0x00007fd7418206f8 sp=0x00007fd75f349ef0
Event: 7,100 Thread 0x00007fd758019000 DEOPT UNPACKING pc=0x00007fd740ab833a sp=0x00007fd75f3493f8 mode 0
Event: 7,106 Thread 0x00007fd758019000 DEOPT PACKING pc=0x00007fd7418206f8 sp=0x00007fd75f349ef0
Event: 7,106 Thread 0x00007fd758019000 DEOPT UNPACKING pc=0x00007fd740ab833a sp=0x00007fd75f3493f8 mode 0
Event: 7,259 Thread 0x00007fd758019000 DEOPT PACKING pc=0x00007fd7418206f8 sp=0x00007fd75f349ef0
Event: 7,259 Thread 0x00007fd758019000 DEOPT UNPACKING pc=0x00007fd740ab833a sp=0x00007fd75f3493f8 mode 0
Event: 11,987 Thread 0x00007fd7582ed800 Uncommon trap: trap_request=0xffffff45 fr.pc=0x00007fd7486aff78 relative=0x0000000000000358
Event: 11,990 Thread 0x00007fd7582ed800 Uncommon trap: reason=unstable_if action=reinterpret pc=0x00007fd7486aff78 method=java.io.ByteArrayInputStream.read([BII)I @ 16 c2
Event: 11,991 Thread 0x00007fd7582ed800 DEOPT PACKING pc=0x00007fd7486aff78 sp=0x00007fd7138f5f80
Event: 11,997 Thread 0x00007fd7582ed800 DEOPT UNPACKING pc=0x00007fd740ab7e25 sp=0x00007fd7138f5f20 mode 2

Classes unloaded (0 events):
No events

Classes redefined (0 events):
No events

Internal exceptions (20 events):
Event: 4,019 Thread 0x00007fd758019000 Exception <a 'java/lang/ClassNotFoundException'{0x000000008d399d30}: java/lang/ObjectCustomizer> (0x000000008d399d30) 
thrown [open/src/hotspot/share/classfile/systemDictionary.cpp, line 232]
Event: 4,020 Thread 0x00007fd758019000 Exception <a 'java/lang/ClassNotFoundException'{0x000000008d3b85f0}: org/springframework/boot/autoconfigure/mongo/embedded/EmbeddedMongoPropertiesCustomizer> (0x000000008d3b85f0) 
thrown [open/src/hotspot/share/classfile/systemDictionary.cpp, line 232]
Event: 4,022 Thread 0x00007fd758019000 Implicit null exception at 0x00007fd74861e708 to 0x00007fd7486210ba
Event: 4,023 Thread 0x00007fd758019000 Exception <a 'java/lang/ClassNotFoundException'{0x000000008d3d73f8}: java/lang/ObjectCustomizer> (0x000000008d3d73f8) 
thrown [open/src/hotspot/share/classfile/systemDictionary.cpp, line 232]
Event: 4,024 Thread 0x00007fd758019000 Exception <a 'java/lang/ClassNotFoundException'{0x000000008d3f7198}: org/springframework/boot/autoconfigure/mongo/embedded/EmbeddedMongoAutoConfigurationCustomizer> (0x000000008d3f7198) 
thrown [open/src/hotspot/share/classfile/systemDictionary.cpp, line 232]
Event: 4,068 Thread 0x00007fd758019000 Exception <a 'java/lang/ClassNotFoundException'{0x000000008af13990}: java/lang/ObjectCustomizer> (0x000000008af13990) 
thrown [open/src/hotspot/share/classfile/systemDictionary.cpp, line 232]
Event: 4,068 Thread 0x00007fd758019000 Exception <a 'java/lang/ClassNotFoundException'{0x000000008af327b0}: de/flapdoodle/embed/mongo/config/AbstractMongoConfigBuilder$ImmutableMongoConfigCustomizer> (0x000000008af327b0) 
thrown [open/src/hotspot/share/classfile/systemDictionary.cpp, line 232]
Event: 4,069 Thread 0x00007fd758019000 Exception <a 'java/lang/ClassNotFoundException'{0x000000008af51e50}: de/flapdoodle/embed/mongo/config/MongodConfigBuilder$ImmutableMongodConfigCustomizer> (0x000000008af51e50) 
thrown [open/src/hotspot/share/classfile/systemDictionary.cpp, line 232]
Event: 4,070 Thread 0x00007fd758019000 Exception <a 'java/lang/ClassNotFoundException'{0x000000008af704b0}: de/flapdoodle/embed/mongo/config/IMongodConfigCustomizer> (0x000000008af704b0) 
thrown [open/src/hotspot/share/classfile/systemDictionary.cpp, line 232]
Event: 4,070 Thread 0x00007fd758019000 Exception <a 'java/lang/ClassNotFoundException'{0x000000008af8a920}: de/flapdoodle/embed/mongo/config/IMongoConfigCustomizer> (0x000000008af8a920) 
thrown [open/src/hotspot/share/classfile/systemDictionary.cpp, line 232]
Event: 4,070 Thread 0x00007fd758019000 Exception <a 'java/lang/ClassNotFoundException'{0x000000008afa5898}: de/flapdoodle/embed/process/config/IExecutableProcessConfigCustomizer> (0x000000008afa5898) 
thrown [open/src/hotspot/share/classfile/systemDictionary.cpp, line 232]
Event: 4,071 Thread 0x00007fd758019000 Exception <a 'java/lang/ClassNotFoundException'{0x000000008afbc638}: de/flapdoodle/embed/mongo/config/IMongoConfigCustomizer> (0x000000008afbc638) 
thrown [open/src/hotspot/share/classfile/systemDictionary.cpp, line 232]
Event: 4,071 Thread 0x00007fd758019000 Exception <a 'java/lang/ClassNotFoundException'{0x000000008afd6fb8}: de/flapdoodle/embed/process/config/IExecutableProcessConfigCustomizer> (0x000000008afd6fb8) 
thrown [open/src/hotspot/share/classfile/systemDictionary.cpp, line 232]
Event: 4,073 Thread 0x00007fd758019000 Exception <a 'java/lang/ClassNotFoundException'{0x000000008afe2c70}: java/lang/ObjectCustomizer> (0x000000008afe2c70) 
thrown [open/src/hotspot/share/classfile/systemDictionary.cpp, line 232]
Event: 4,073 Thread 0x00007fd758019000 Exception <a 'java/lang/ClassNotFoundException'{0x000000008ae07230}: org/springframework/boot/autoconfigure/mongo/embedded/EmbeddedMongoAutoConfiguration$RuntimeConfigConfigurationCustomizer> (0x000000008ae07230) 
thrown [open/src/hotspot/share/classfile/systemDictionary.cpp, line 232]
Event: 4,091 Thread 0x00007fd758019000 Exception <a 'java/lang/ClassNotFoundException'{0x000000008ac54c70}: java/lang/ObjectCustomizer> (0x000000008ac54c70) 
thrown [open/src/hotspot/share/classfile/systemDictionary.cpp, line 232]
Event: 4,092 Thread 0x00007fd758019000 Exception <a 'java/lang/ClassNotFoundException'{0x000000008ac73390}: de/flapdoodle/embed/process/config/RuntimeConfigBuilder$ImmutableRuntimeConfigCustomizer> (0x000000008ac73390) 
thrown [open/src/hotspot/share/classfile/systemDictionary.cpp, line 232]
Event: 4,093 Thread 0x00007fd758019000 Exception <a 'java/lang/ClassNotFoundException'{0x000000008ac91c70}: de/flapdoodle/embed/process/config/IRuntimeConfigCustomizer> (0x000000008ac91c70) 
thrown [open/src/hotspot/share/classfile/systemDictionary.cpp, line 232]
Event: 4,141 Thread 0x00007fd758019000 Implicit null exception at 0x00007fd74862726c to 0x00007fd748628bc6
Event: 4,246 Thread 0x00007fd758019000 Exception <a 'java/lang/NoSuchMethodError'{0x0000000088add6b0}: 'int java.lang.invoke.DirectMethodHandle$Holder.invokeStaticInit(java.lang.Object, java.lang.Object, java.lang.Object, java.lang.Object)'> (0x0000000088add6b0) 
thrown [open/src/hotspot/share/interpreter/linkResolver.cpp, line 767]

Events (20 events):
Event: 66,285 Executing VM operation: RevokeBias done
Event: 66,363 Executing VM operation: RevokeBias
Event: 66,378 Executing VM operation: RevokeBias done
Event: 66,984 Executing VM operation: G1CollectForAllocation
Event: 69,555 Executing VM operation: G1CollectForAllocation done
Event: 69,860 Executing VM operation: G1CollectForAllocation
Event: 71,720 Executing VM operation: G1CollectForAllocation done
Event: 73,310 Executing VM operation: G1CollectForAllocation
Event: 77,940 Executing VM operation: G1CollectForAllocation done
Event: 79,965 Executing VM operation: RevokeBias
Event: 86,206 Executing VM operation: RevokeBias done
Event: 86,617 Executing VM operation: G1CollectForAllocation
Event: 88,032 Executing VM operation: G1CollectForAllocation done
Event: 88,482 Executing VM operation: RevokeBias
Event: 88,817 Executing VM operation: RevokeBias done
Event: 92,545 Executing VM operation: G1CollectForAllocation
Event: 96,337 Executing VM operation: G1CollectForAllocation done
Event: 97,239 Executing VM operation: G1CollectForAllocation
Event: 102,027 Executing VM operation: G1CollectForAllocation done
Event: 104,295 Executing VM operation: G1CollectForAllocation


Dynamic libraries:
00400000-00401000 r-xp 00000000 08:05 3940308                            /usr/lib/jvm/jdk-13.0.1/bin/java
00401000-00402000 r--p 00000000 08:05 3940308                            /usr/lib/jvm/jdk-13.0.1/bin/java
00402000-00403000 rw-p 00001000 08:05 3940308                            /usr/lib/jvm/jdk-13.0.1/bin/java
01efb000-01f1c000 rw-p 00000000 00:00 0                                  [heap]
85800000-93000000 rw-p 00000000 00:00 0 
a4a00000-ffe00000 ---p 00000000 00:00 0 
ffe00000-ffe48000 rw-p 00b68000 08:05 3990097                            /usr/lib/jvm/jdk-13.0.1/lib/server/classes.jsa
ffe48000-fff00000 rw-p 00000000 00:00 0 
fff00000-fff7a000 rw-p 00aee000 08:05 3990097                            /usr/lib/jvm/jdk-13.0.1/lib/server/classes.jsa
fff7a000-100000000 rw-p 00000000 00:00 0 
800000000-800003000 rwxp 00001000 08:05 3990097                          /usr/lib/jvm/jdk-13.0.1/lib/server/classes.jsa
800003000-8003d8000 rw-p 00004000 08:05 3990097                          /usr/lib/jvm/jdk-13.0.1/lib/server/classes.jsa
8003d8000-800aec000 r--p 003d9000 08:05 3990097                          /usr/lib/jvm/jdk-13.0.1/lib/server/classes.jsa
800aec000-800aed000 rw-p 00aed000 08:05 3990097                          /usr/lib/jvm/jdk-13.0.1/lib/server/classes.jsa
800aed000-80100d000 rw-p 00000000 00:00 0 
80100d000-840aed000 ---p 00000000 00:00 0 
7fd6cc000000-7fd6cc021000 rw-p 00000000 00:00 0 
7fd6cc021000-7fd6d0000000 ---p 00000000 00:00 0 
7fd6d0000000-7fd6d0021000 rw-p 00000000 00:00 0 
7fd6d0021000-7fd6d4000000 ---p 00000000 00:00 0 
7fd6d4000000-7fd6d4106000 rw-p 00000000 00:00 0 
7fd6d4106000-7fd6d8000000 ---p 00000000 00:00 0 
7fd6d8000000-7fd6d8021000 rw-p 00000000 00:00 0 
7fd6d8021000-7fd6dc000000 ---p 00000000 00:00 0 
7fd6dc000000-7fd6dc2f0000 rw-p 00000000 00:00 0 
7fd6dc2f0000-7fd6e0000000 ---p 00000000 00:00 0 
7fd6e0000000-7fd6e0021000 rw-p 00000000 00:00 0 
7fd6e0021000-7fd6e4000000 ---p 00000000 00:00 0 
7fd6e4000000-7fd6e4021000 rw-p 00000000 00:00 0 
7fd6e4021000-7fd6e8000000 ---p 00000000 00:00 0 
7fd6e8000000-7fd6e8021000 rw-p 00000000 00:00 0 
7fd6e8021000-7fd6ec000000 ---p 00000000 00:00 0 
7fd6ec000000-7fd6ec049000 rw-p 00000000 00:00 0 
7fd6ec049000-7fd6f0000000 ---p 00000000 00:00 0 
7fd6f0000000-7fd6f0021000 rw-p 00000000 00:00 0 
7fd6f0021000-7fd6f4000000 ---p 00000000 00:00 0 
7fd6f4000000-7fd6f4021000 rw-p 00000000 00:00 0 
7fd6f4021000-7fd6f8000000 ---p 00000000 00:00 0 
7fd6f8000000-7fd6f8021000 rw-p 00000000 00:00 0 
7fd6f8021000-7fd6fc000000 ---p 00000000 00:00 0 
7fd6fc000000-7fd6fc021000 rw-p 00000000 00:00 0 
7fd6fc021000-7fd700000000 ---p 00000000 00:00 0 
7fd700000000-7fd700021000 rw-p 00000000 00:00 0 
7fd700021000-7fd704000000 ---p 00000000 00:00 0 
7fd704000000-7fd70468e000 rw-p 00000000 00:00 0 
7fd70468e000-7fd708000000 ---p 00000000 00:00 0 
7fd708000000-7fd708021000 rw-p 00000000 00:00 0 
7fd708021000-7fd70c000000 ---p 00000000 00:00 0 
7fd70c000000-7fd70d274000 rw-p 00000000 00:00 0 
7fd70d274000-7fd710000000 ---p 00000000 00:00 0 
7fd710ec6000-7fd71133e000 rw-p 00000000 00:00 0 
7fd71133e000-7fd711355000 r-xp 00000000 08:05 1581338                    /lib/x86_64-linux-gnu/libresolv-2.27.so
7fd711355000-7fd711555000 ---p 00017000 08:05 1581338                    /lib/x86_64-linux-gnu/libresolv-2.27.so
7fd711555000-7fd711556000 r--p 00017000 08:05 1581338                    /lib/x86_64-linux-gnu/libresolv-2.27.so
7fd711556000-7fd711557000 rw-p 00018000 08:05 1581338                    /lib/x86_64-linux-gnu/libresolv-2.27.so
7fd711557000-7fd711559000 rw-p 00000000 00:00 0 
7fd711559000-7fd71155e000 r-xp 00000000 08:05 1581287                    /lib/x86_64-linux-gnu/libnss_dns-2.27.so
7fd71155e000-7fd71175e000 ---p 00005000 08:05 1581287                    /lib/x86_64-linux-gnu/libnss_dns-2.27.so
7fd71175e000-7fd71175f000 r--p 00005000 08:05 1581287                    /lib/x86_64-linux-gnu/libnss_dns-2.27.so
7fd71175f000-7fd711760000 rw-p 00006000 08:05 1581287                    /lib/x86_64-linux-gnu/libnss_dns-2.27.so
7fd711760000-7fd711762000 r-xp 00000000 08:05 1581295                    /lib/x86_64-linux-gnu/libnss_mdns4_minimal.so.2
7fd711762000-7fd711961000 ---p 00002000 08:05 1581295                    /lib/x86_64-linux-gnu/libnss_mdns4_minimal.so.2
7fd711961000-7fd711962000 r--p 00001000 08:05 1581295                    /lib/x86_64-linux-gnu/libnss_mdns4_minimal.so.2
7fd711962000-7fd711963000 rw-p 00002000 08:05 1581295                    /lib/x86_64-linux-gnu/libnss_mdns4_minimal.so.2
7fd711989000-7fd711b89000 rw-p 00000000 00:00 0 
7fd711b89000-7fd711bc9000 r-xp 00000000 08:05 3990086                    /usr/lib/jvm/jdk-13.0.1/lib/libsunec.so
7fd711bc9000-7fd711bca000 ---p 00040000 08:05 3990086                    /usr/lib/jvm/jdk-13.0.1/lib/libsunec.so
7fd711bca000-7fd711bcf000 r--p 00040000 08:05 3990086                    /usr/lib/jvm/jdk-13.0.1/lib/libsunec.so
7fd711bcf000-7fd711bd1000 rw-p 00045000 08:05 3990086                    /usr/lib/jvm/jdk-13.0.1/lib/libsunec.so
7fd711bd1000-7fd711dd1000 rw-p 00000000 00:00 0 
7fd711dd1000-7fd711fd1000 rw-p 00000000 00:00 0 
7fd711fd1000-7fd7121d1000 rw-p 00000000 00:00 0 
7fd7121d1000-7fd7123d1000 rw-p 00000000 00:00 0 
7fd7123d1000-7fd7123d2000 ---p 00000000 00:00 0 
7fd7123d2000-7fd7126d3000 rw-p 00000000 00:00 0 
7fd7126d3000-7fd7126d4000 ---p 00000000 00:00 0 
7fd7126d4000-7fd7127d5000 rw-p 00000000 00:00 0 
7fd7127d5000-7fd7127d6000 ---p 00000000 00:00 0 
7fd7127d6000-7fd7128d7000 rw-p 00000000 00:00 0 
7fd7128d7000-7fd7128db000 ---p 00000000 00:00 0 
7fd7128db000-7fd712bc4000 rw-p 00000000 00:00 0 
7fd712bc4000-7fd712bd8000 ---p 00000000 00:00 0 
7fd712bd8000-7fd712dd8000 rw-p 00000000 00:00 0 
7fd712dd8000-7fd712dd9000 ---p 00000000 00:00 0 
7fd712dd9000-7fd7130da000 rw-p 00000000 00:00 0 
7fd7130da000-7fd7132da000 rw-p 00000000 00:00 0 
7fd7132da000-7fd7132de000 ---p 00000000 00:00 0 
7fd7132de000-7fd7135db000 rw-p 00000000 00:00 0 
7fd7135db000-7fd7135f3000 r--p 00000000 08:05 685981                     /usr/share/locale-langpack/sk/LC_MESSAGES/libc.mo
7fd7135f3000-7fd7135f4000 ---p 00000000 00:00 0 
7fd7135f4000-7fd7136f5000 rw-p 00000000 00:00 0 
7fd7136f5000-7fd7136f6000 ---p 00000000 00:00 0 
7fd7136f6000-7fd7137f7000 rw-p 00000000 00:00 0 
7fd7137f7000-7fd7137fb000 ---p 00000000 00:00 0 
7fd7137fb000-7fd7138f8000 rw-p 00000000 00:00 0 
7fd7138f8000-7fd7138fc000 ---p 00000000 00:00 0 
7fd7138fc000-7fd7139f9000 rw-p 00000000 00:00 0 
7fd7139f9000-7fd7139fd000 ---p 00000000 00:00 0 
7fd7139fd000-7fd713afa000 rw-p 00000000 00:00 0 
7fd713afa000-7fd713afb000 ---p 00000000 00:00 0 
7fd713afb000-7fd713bfc000 rw-p 00000000 00:00 0 
7fd713bfc000-7fd713c00000 ---p 00000000 00:00 0 
7fd713c00000-7fd713cfd000 rw-p 00000000 00:00 0 
7fd713cfd000-7fd713d01000 ---p 00000000 00:00 0 
7fd713d01000-7fd713dfe000 rw-p 00000000 00:00 0 
7fd713dfe000-7fd713e02000 ---p 00000000 00:00 0 
7fd713e02000-7fd713eff000 rw-p 00000000 00:00 0 
7fd713eff000-7fd713f03000 ---p 00000000 00:00 0 
7fd713f03000-7fd714000000 rw-p 00000000 00:00 0 
7fd714000000-7fd714021000 rw-p 00000000 00:00 0 
7fd714021000-7fd718000000 ---p 00000000 00:00 0 
7fd718000000-7fd718021000 rw-p 00000000 00:00 0 
7fd718021000-7fd71c000000 ---p 00000000 00:00 0 
7fd71c000000-7fd71c1bb000 rw-p 00000000 00:00 0 
7fd71c1bb000-7fd720000000 ---p 00000000 00:00 0 
7fd720000000-7fd720021000 rw-p 00000000 00:00 0 
7fd720021000-7fd724000000 ---p 00000000 00:00 0 
7fd724000000-7fd724021000 rw-p 00000000 00:00 0 
7fd724021000-7fd728000000 ---p 00000000 00:00 0 
7fd728000000-7fd728021000 rw-p 00000000 00:00 0 
7fd728021000-7fd72c000000 ---p 00000000 00:00 0 
7fd72c000000-7fd72c021000 rw-p 00000000 00:00 0 
7fd72c021000-7fd730000000 ---p 00000000 00:00 0 
7fd730000000-7fd730021000 rw-p 00000000 00:00 0 
7fd730021000-7fd734000000 ---p 00000000 00:00 0 
7fd734000000-7fd734021000 rw-p 00000000 00:00 0 
7fd734021000-7fd738000000 ---p 00000000 00:00 0 
7fd738005000-7fd73800c000 r--s 00000000 08:05 4236                       /usr/lib/x86_64-linux-gnu/gconv/gconv-modules.cache
7fd73800c000-7fd738010000 ---p 00000000 00:00 0 
7fd738010000-7fd73802e000 rw-p 00000000 00:00 0 
7fd73802e000-7fd738032000 ---p 00000000 00:00 0 
7fd738032000-7fd73812f000 rw-p 00000000 00:00 0 
7fd73812f000-7fd73853f000 r--p 00000000 08:05 3946650                    /usr/lib/locale/locale-archive
7fd73853f000-7fd738543000 ---p 00000000 00:00 0 
7fd738543000-7fd738640000 rw-p 00000000 00:00 0 
7fd738640000-7fd738644000 ---p 00000000 00:00 0 
7fd738644000-7fd738741000 rw-p 00000000 00:00 0 
7fd738741000-7fd738742000 ---p 00000000 00:00 0 
7fd738742000-7fd73911f000 rw-p 00000000 00:00 0 
7fd73911f000-7fd739120000 ---p 00000000 00:00 0 
7fd739120000-7fd739221000 rw-p 00000000 00:00 0 
7fd739221000-7fd739222000 ---p 00000000 00:00 0 
7fd739222000-7fd73bb2b000 rw-p 00000000 00:00 0 
7fd73bb2b000-7fd73bb2c000 ---p 00000000 00:00 0 
7fd73bb2c000-7fd73bc2d000 rw-p 00000000 00:00 0 
7fd73bc2d000-7fd73bc2e000 ---p 00000000 00:00 0 
7fd73bc2e000-7fd73bd2f000 rw-p 00000000 00:00 0 
7fd73bd2f000-7fd73bd30000 ---p 00000000 00:00 0 
7fd73bd30000-7fd73c210000 rw-p 00000000 00:00 0 
7fd73c210000-7fd73dd48000 ---p 00000000 00:00 0 
7fd73dd48000-7fd73e0b0000 rw-p 00000000 00:00 0 
7fd73e0b0000-7fd73fbe8000 ---p 00000000 00:00 0 
7fd73fbe8000-7fd73fc5c000 rw-p 00000000 00:00 0 
7fd73fc5c000-7fd73ffc3000 ---p 00000000 00:00 0 
7fd73ffc3000-7fd740030000 rw-p 00000000 00:00 0 
7fd740030000-7fd740397000 ---p 00000000 00:00 0 
7fd740397000-7fd740404000 rw-p 00000000 00:00 0 
7fd740404000-7fd74076b000 ---p 00000000 00:00 0 
7fd74076b000-7fd740a6f000 rw-p 00000000 00:00 0 
7fd740a6f000-7fd740cdf000 rwxp 00000000 00:00 0 
7fd740cdf000-7fd741000000 ---p 00000000 00:00 0 
7fd741000000-7fd7418a0000 rwxp 00000000 00:00 0 
7fd7418a0000-7fd748537000 ---p 00000000 00:00 0 
7fd748537000-7fd7487a7000 rwxp 00000000 00:00 0 
7fd7487a7000-7fd74fa6f000 ---p 00000000 00:00 0 
7fd74fa6f000-7fd758000000 r--s 00000000 08:05 3990090                    /usr/lib/jvm/jdk-13.0.1/lib/modules
7fd758000000-7fd759533000 rw-p 00000000 00:00 0 
7fd759533000-7fd75c000000 ---p 00000000 00:00 0 
7fd75c003000-7fd75c008000 r-xp 00000000 08:05 3981391                    /usr/lib/jvm/jdk-13.0.1/lib/libmanagement_ext.so
7fd75c008000-7fd75c009000 r--p 00004000 08:05 3981391                    /usr/lib/jvm/jdk-13.0.1/lib/libmanagement_ext.so
7fd75c009000-7fd75c00a000 rw-p 00005000 08:05 3981391                    /usr/lib/jvm/jdk-13.0.1/lib/libmanagement_ext.so
7fd75c00a000-7fd75c00e000 r-xp 00000000 08:05 3981389                    /usr/lib/jvm/jdk-13.0.1/lib/libmanagement.so
7fd75c00e000-7fd75c00f000 r--p 00003000 08:05 3981389                    /usr/lib/jvm/jdk-13.0.1/lib/libmanagement.so
7fd75c00f000-7fd75c010000 rw-p 00004000 08:05 3981389                    /usr/lib/jvm/jdk-13.0.1/lib/libmanagement.so
7fd75c010000-7fd75c51a000 rw-p 00000000 00:00 0 
7fd75c51a000-7fd75c600000 ---p 00000000 00:00 0 
7fd75c600000-7fd75c612000 rw-p 00000000 00:00 0 
7fd75c612000-7fd75c6eb000 ---p 00000000 00:00 0 
7fd75c6eb000-7fd75c6f6000 r-xp 00000000 08:05 1581289                    /lib/x86_64-linux-gnu/libnss_files-2.27.so
7fd75c6f6000-7fd75c8f5000 ---p 0000b000 08:05 1581289                    /lib/x86_64-linux-gnu/libnss_files-2.27.so
7fd75c8f5000-7fd75c8f6000 r--p 0000a000 08:05 1581289                    /lib/x86_64-linux-gnu/libnss_files-2.27.so
7fd75c8f6000-7fd75c8f7000 rw-p 0000b000 08:05 1581289                    /lib/x86_64-linux-gnu/libnss_files-2.27.so
7fd75c8f7000-7fd75c8fd000 rw-p 00000000 00:00 0 
7fd75c8fd000-7fd75c914000 r-xp 00000000 08:05 1581283                    /lib/x86_64-linux-gnu/libnsl-2.27.so
7fd75c914000-7fd75cb13000 ---p 00017000 08:05 1581283                    /lib/x86_64-linux-gnu/libnsl-2.27.so
7fd75cb13000-7fd75cb14000 r--p 00016000 08:05 1581283                    /lib/x86_64-linux-gnu/libnsl-2.27.so
7fd75cb14000-7fd75cb15000 rw-p 00017000 08:05 1581283                    /lib/x86_64-linux-gnu/libnsl-2.27.so
7fd75cb15000-7fd75cb17000 rw-p 00000000 00:00 0 
7fd75cb17000-7fd75cb22000 r-xp 00000000 08:05 1581300                    /lib/x86_64-linux-gnu/libnss_nis-2.27.so
7fd75cb22000-7fd75cd21000 ---p 0000b000 08:05 1581300                    /lib/x86_64-linux-gnu/libnss_nis-2.27.so
7fd75cd21000-7fd75cd22000 r--p 0000a000 08:05 1581300                    /lib/x86_64-linux-gnu/libnss_nis-2.27.so
7fd75cd22000-7fd75cd23000 rw-p 0000b000 08:05 1581300                    /lib/x86_64-linux-gnu/libnss_nis-2.27.so
7fd75cd23000-7fd75cd2b000 r-xp 00000000 08:05 1581285                    /lib/x86_64-linux-gnu/libnss_compat-2.27.so
7fd75cd2b000-7fd75cf2b000 ---p 00008000 08:05 1581285                    /lib/x86_64-linux-gnu/libnss_compat-2.27.so
7fd75cf2b000-7fd75cf2c000 r--p 00008000 08:05 1581285                    /lib/x86_64-linux-gnu/libnss_compat-2.27.so
7fd75cf2c000-7fd75cf2d000 rw-p 00009000 08:05 1581285                    /lib/x86_64-linux-gnu/libnss_compat-2.27.so
7fd75cf2d000-7fd75cf34000 r-xp 00000000 08:05 1581340                    /lib/x86_64-linux-gnu/librt-2.27.so
7fd75cf34000-7fd75d133000 ---p 00007000 08:05 1581340                    /lib/x86_64-linux-gnu/librt-2.27.so
7fd75d133000-7fd75d134000 r--p 00006000 08:05 1581340                    /lib/x86_64-linux-gnu/librt-2.27.so
7fd75d134000-7fd75d135000 rw-p 00007000 08:05 1581340                    /lib/x86_64-linux-gnu/librt-2.27.so
7fd75d135000-7fd75d2d2000 r-xp 00000000 08:05 1581262                    /lib/x86_64-linux-gnu/libm-2.27.so
7fd75d2d2000-7fd75d4d1000 ---p 0019d000 08:05 1581262                    /lib/x86_64-linux-gnu/libm-2.27.so
7fd75d4d1000-7fd75d4d2000 r--p 0019c000 08:05 1581262                    /lib/x86_64-linux-gnu/libm-2.27.so
7fd75d4d2000-7fd75d4d3000 rw-p 0019d000 08:05 1581262                    /lib/x86_64-linux-gnu/libm-2.27.so
7fd75d4d3000-7fd75e5b4000 r-xp 00000000 08:05 3990099                    /usr/lib/jvm/jdk-13.0.1/lib/server/libjvm.so
7fd75e5b4000-7fd75e678000 r--p 010e0000 08:05 3990099                    /usr/lib/jvm/jdk-13.0.1/lib/server/libjvm.so
7fd75e678000-7fd75e6b2000 rw-p 011a4000 08:05 3990099                    /usr/lib/jvm/jdk-13.0.1/lib/server/libjvm.so
7fd75e6b2000-7fd75e737000 rw-p 00000000 00:00 0 
7fd75e737000-7fd75e91e000 r-xp 00000000 08:05 1581199                    /lib/x86_64-linux-gnu/libc-2.27.so
7fd75e91e000-7fd75eb1e000 ---p 001e7000 08:05 1581199                    /lib/x86_64-linux-gnu/libc-2.27.so
7fd75eb1e000-7fd75eb22000 r--p 001e7000 08:05 1581199                    /lib/x86_64-linux-gnu/libc-2.27.so
7fd75eb22000-7fd75eb24000 rw-p 001eb000 08:05 1581199                    /lib/x86_64-linux-gnu/libc-2.27.so
7fd75eb24000-7fd75eb28000 rw-p 00000000 00:00 0 
7fd75eb28000-7fd75eb2b000 r-xp 00000000 08:05 1581222                    /lib/x86_64-linux-gnu/libdl-2.27.so
7fd75eb2b000-7fd75ed2a000 ---p 00003000 08:05 1581222                    /lib/x86_64-linux-gnu/libdl-2.27.so
7fd75ed2a000-7fd75ed2b000 r--p 00002000 08:05 1581222                    /lib/x86_64-linux-gnu/libdl-2.27.so
7fd75ed2b000-7fd75ed2c000 rw-p 00003000 08:05 1581222                    /lib/x86_64-linux-gnu/libdl-2.27.so
7fd75ed2c000-7fd75ed46000 r-xp 00000000 08:05 1581332                    /lib/x86_64-linux-gnu/libpthread-2.27.so
7fd75ed46000-7fd75ef45000 ---p 0001a000 08:05 1581332                    /lib/x86_64-linux-gnu/libpthread-2.27.so
7fd75ef45000-7fd75ef46000 r--p 00019000 08:05 1581332                    /lib/x86_64-linux-gnu/libpthread-2.27.so
7fd75ef46000-7fd75ef47000 rw-p 0001a000 08:05 1581332                    /lib/x86_64-linux-gnu/libpthread-2.27.so
7fd75ef47000-7fd75ef4b000 rw-p 00000000 00:00 0 
7fd75ef4b000-7fd75ef67000 r-xp 00000000 08:05 1581373                    /lib/x86_64-linux-gnu/libz.so.1.2.11
7fd75ef67000-7fd75f166000 ---p 0001c000 08:05 1581373                    /lib/x86_64-linux-gnu/libz.so.1.2.11
7fd75f166000-7fd75f167000 r--p 0001b000 08:05 1581373                    /lib/x86_64-linux-gnu/libz.so.1.2.11
7fd75f167000-7fd75f168000 rw-p 0001c000 08:05 1581373                    /lib/x86_64-linux-gnu/libz.so.1.2.11
7fd75f168000-7fd75f18f000 r-xp 00000000 08:05 1581171                    /lib/x86_64-linux-gnu/ld-2.27.so
7fd75f18f000-7fd75f191000 r-xp 00000000 08:05 3981373                    /usr/lib/jvm/jdk-13.0.1/lib/libextnet.so
7fd75f191000-7fd75f192000 r--p 00001000 08:05 3981373                    /usr/lib/jvm/jdk-13.0.1/lib/libextnet.so
7fd75f192000-7fd75f193000 rw-p 00002000 08:05 3981373                    /usr/lib/jvm/jdk-13.0.1/lib/libextnet.so
7fd75f193000-7fd75f1a8000 r-xp 00000000 08:05 3990079                    /usr/lib/jvm/jdk-13.0.1/lib/libnet.so
7fd75f1a8000-7fd75f1a9000 r--p 00014000 08:05 3990079                    /usr/lib/jvm/jdk-13.0.1/lib/libnet.so
7fd75f1a9000-7fd75f1aa000 rw-p 00015000 08:05 3990079                    /usr/lib/jvm/jdk-13.0.1/lib/libnet.so
7fd75f1aa000-7fd75f1bb000 r-xp 00000000 08:05 3990080                    /usr/lib/jvm/jdk-13.0.1/lib/libnio.so
7fd75f1bb000-7fd75f1bc000 r--p 00010000 08:05 3990080                    /usr/lib/jvm/jdk-13.0.1/lib/libnio.so
7fd75f1bc000-7fd75f1bd000 rw-p 00011000 08:05 3990080                    /usr/lib/jvm/jdk-13.0.1/lib/libnio.so
7fd75f1bd000-7fd75f203000 rw-p 00000000 00:00 0 
7fd75f203000-7fd75f20a000 ---p 00000000 00:00 0 
7fd75f20a000-7fd75f225000 r-xp 00000000 08:05 3981384                    /usr/lib/jvm/jdk-13.0.1/lib/libjimage.so
7fd75f225000-7fd75f226000 ---p 0001b000 08:05 3981384                    /usr/lib/jvm/jdk-13.0.1/lib/libjimage.so
7fd75f226000-7fd75f228000 r--p 0001b000 08:05 3981384                    /usr/lib/jvm/jdk-13.0.1/lib/libjimage.so
7fd75f228000-7fd75f229000 rw-p 0001d000 08:05 3981384                    /usr/lib/jvm/jdk-13.0.1/lib/libjimage.so
7fd75f229000-7fd75f250000 r-xp 00000000 08:05 3981380                    /usr/lib/jvm/jdk-13.0.1/lib/libjava.so
7fd75f250000-7fd75f251000 r--p 00026000 08:05 3981380                    /usr/lib/jvm/jdk-13.0.1/lib/libjava.so
7fd75f251000-7fd75f253000 rw-p 00027000 08:05 3981380                    /usr/lib/jvm/jdk-13.0.1/lib/libjava.so
7fd75f253000-7fd75f257000 ---p 00000000 00:00 0 
7fd75f257000-7fd75f356000 rw-p 00000000 00:00 0 
7fd75f356000-7fd75f365000 r-xp 00000000 08:05 3981385                    /usr/lib/jvm/jdk-13.0.1/lib/libjli.so
7fd75f365000-7fd75f366000 r--p 0000e000 08:05 3981385                    /usr/lib/jvm/jdk-13.0.1/lib/libjli.so
7fd75f366000-7fd75f367000 rw-p 0000f000 08:05 3981385                    /usr/lib/jvm/jdk-13.0.1/lib/libjli.so
7fd75f367000-7fd75f369000 rw-p 00000000 00:00 0 
7fd75f36b000-7fd75f372000 r-xp 00000000 08:05 3990089                    /usr/lib/jvm/jdk-13.0.1/lib/libzip.so
7fd75f372000-7fd75f373000 r--p 00006000 08:05 3990089                    /usr/lib/jvm/jdk-13.0.1/lib/libzip.so
7fd75f373000-7fd75f374000 rw-p 00007000 08:05 3990089                    /usr/lib/jvm/jdk-13.0.1/lib/libzip.so
7fd75f374000-7fd75f37c000 rw-s 00000000 08:05 2237294                    /tmp/hsperfdata_pavol/2889
7fd75f37c000-7fd75f37d000 ---p 00000000 00:00 0 
7fd75f37d000-7fd75f37e000 r--p 00000000 00:00 0 
7fd75f37e000-7fd75f37f000 ---p 00000000 00:00 0 
7fd75f37f000-7fd75f38c000 r-xp 00000000 08:05 3990088                    /usr/lib/jvm/jdk-13.0.1/lib/libverify.so
7fd75f38c000-7fd75f38e000 r--p 0000c000 08:05 3990088                    /usr/lib/jvm/jdk-13.0.1/lib/libverify.so
7fd75f38e000-7fd75f38f000 rw-p 0000e000 08:05 3990088                    /usr/lib/jvm/jdk-13.0.1/lib/libverify.so
7fd75f38f000-7fd75f390000 r--p 00027000 08:05 1581171                    /lib/x86_64-linux-gnu/ld-2.27.so
7fd75f390000-7fd75f391000 rw-p 00028000 08:05 1581171                    /lib/x86_64-linux-gnu/ld-2.27.so
7fd75f391000-7fd75f392000 rw-p 00000000 00:00 0 
7ffd686e1000-7ffd68702000 rw-p 00000000 00:00 0                          [stack]
7ffd687cd000-7ffd687d0000 r--p 00000000 00:00 0                          [vvar]
7ffd687d0000-7ffd687d2000 r-xp 00000000 00:00 0                          [vdso]
ffffffffff600000-ffffffffff601000 r-xp 00000000 00:00 0                  [vsyscall]


VM Arguments:
java_command: /home/pavol/Development/School/Bakalarka/thesis/target/surefire/surefirebooter4456891611854194461.jar /home/pavol/Development/School/Bakalarka/thesis/target/surefire 2019-12-22T15-37-52_599-jvmRun1 surefire9421921886660983916tmp surefire_02608127319480711549tmp
java_class_path (initial): /home/pavol/Development/School/Bakalarka/thesis/target/surefire/surefirebooter4456891611854194461.jar
Launcher Type: SUN_STANDARD

[Global flags]
     intx CICompilerCount                          = 4                                         {product} {ergonomic}
     uint ConcGCThreads                            = 2                                         {product} {ergonomic}
     uint G1ConcRefinementThreads                  = 8                                         {product} {ergonomic}
   size_t G1HeapRegionSize                         = 1048576                                   {product} {ergonomic}
    uintx GCDrainStackTargetSize                   = 64                                        {product} {ergonomic}
   size_t InitialHeapSize                          = 130023424                                 {product} {ergonomic}
   size_t MarkStackSize                            = 4194304                                   {product} {ergonomic}
   size_t MaxHeapSize                              = 2055208960                                {product} {ergonomic}
   size_t MaxNewSize                               = 1233125376                                {product} {ergonomic}
   size_t MinHeapDeltaBytes                        = 1048576                                   {product} {ergonomic}
   size_t MinHeapSize                              = 8388608                                   {product} {ergonomic}
    uintx NonNMethodCodeHeapSize                   = 5836300                                {pd product} {ergonomic}
    uintx NonProfiledCodeHeapSize                  = 122910970                              {pd product} {ergonomic}
    uintx ProfiledCodeHeapSize                     = 122910970                              {pd product} {ergonomic}
    uintx ReservedCodeCacheSize                    = 251658240                              {pd product} {ergonomic}
     bool SegmentedCodeCache                       = true                                      {product} {ergonomic}
   size_t SoftMaxHeapSize                          = 2055208960                             {manageable} {ergonomic}
     bool UseCompressedClassPointers               = true                                 {lp64_product} {ergonomic}
     bool UseCompressedOops                        = true                                 {lp64_product} {ergonomic}
     bool UseG1GC                                  = true                                      {product} {ergonomic}

Logging:
Log output configuration:
 #0: stdout all=warning uptime,level,tags
 #1: stderr all=off uptime,level,tags

Environment Variables:
JAVA_HOME=/usr/lib/jvm/java-8-oracle
PATH=/home/pavol/.local/bin:/usr/local/sbin:/usr/local/bin:/usr/sbin:/usr/bin:/sbin:/bin:/usr/games:/usr/local/games:/snap/bin:/usr/lib/jvm/java-8-oracle/bin:/usr/lib/jvm/java-8-oracle/db/bin:/usr/lib/jvm/java-8-oracle/jre/bin
SHELL=/bin/zsh
DISPLAY=:0

Signal Handlers:
SIGSEGV: [libjvm.so+0xdd70d0], sa_mask[0]=11111111011111111101111111111110, sa_flags=SA_RESTART|SA_SIGINFO
SIGBUS: [libjvm.so+0xdd70d0], sa_mask[0]=11111111011111111101111111111110, sa_flags=SA_RESTART|SA_SIGINFO
SIGFPE: [libjvm.so+0xdd70d0], sa_mask[0]=11111111011111111101111111111110, sa_flags=SA_RESTART|SA_SIGINFO
SIGPIPE: [libjvm.so+0xbb6020], sa_mask[0]=11111111011111111101111111111110, sa_flags=SA_RESTART|SA_SIGINFO
SIGXFSZ: [libjvm.so+0xbb6020], sa_mask[0]=11111111011111111101111111111110, sa_flags=SA_RESTART|SA_SIGINFO
SIGILL: [libjvm.so+0xdd70d0], sa_mask[0]=11111111011111111101111111111110, sa_flags=SA_RESTART|SA_SIGINFO
SIGUSR2: [libjvm.so+0xbb5eb0], sa_mask[0]=00100000000000000000000000000000, sa_flags=SA_RESTART|SA_SIGINFO
SIGHUP: [libjvm.so+0xbb6620], sa_mask[0]=11111111011111111101111111111110, sa_flags=SA_RESTART|SA_SIGINFO
SIGINT: [libjvm.so+0xbb6620], sa_mask[0]=11111111011111111101111111111110, sa_flags=SA_RESTART|SA_SIGINFO
SIGTERM: [libjvm.so+0xbb6620], sa_mask[0]=11111111011111111101111111111110, sa_flags=SA_RESTART|SA_SIGINFO
SIGQUIT: [libjvm.so+0xbb6620], sa_mask[0]=11111111011111111101111111111110, sa_flags=SA_RESTART|SA_SIGINFO


---------------  S Y S T E M  ---------------

OS:DISTRIB_ID=LinuxMint
DISTRIB_RELEASE=19.1
DISTRIB_CODENAME=tessa
DISTRIB_DESCRIPTION="Linux Mint 19.1 Tessa"
uname:Linux 4.15.0-72-generic #81-Ubuntu SMP Tue Nov 26 12:20:02 UTC 2019 x86_64
libc:glibc 2.27 NPTL 2.27 
rlimit: STACK 8192k, CORE 0k, NPROC 30924, NOFILE 1048576, AS infinity, DATA infinity, FSIZE infinity
load average:39,40 13,07 5,88

/proc/meminfo:
MemTotal:        8025236 kB
MemFree:          124152 kB
MemAvailable:     142756 kB
Buffers:             524 kB
Cached:           334880 kB
SwapCached:        38520 kB
Active:          5990292 kB
Inactive:         922260 kB
Active(anon):    5970656 kB
Inactive(anon):   894276 kB
Active(file):      19636 kB
Inactive(file):    27984 kB
Unevictable:         148 kB
Mlocked:             148 kB
SwapTotal:       5858300 kB
SwapFree:              0 kB
Dirty:                44 kB
Writeback:             0 kB
AnonPages:       6542436 kB
Mapped:           480640 kB
Shmem:            287492 kB
Slab:             428976 kB
SReclaimable:     219128 kB
SUnreclaim:       209848 kB
KernelStack:       36656 kB
PageTables:       190020 kB
NFS_Unstable:          0 kB
Bounce:                0 kB
WritebackTmp:          0 kB
CommitLimit:     9870916 kB
Committed_AS:   35720104 kB
VmallocTotal:   34359738367 kB
VmallocUsed:           0 kB
VmallocChunk:          0 kB
HardwareCorrupted:     0 kB
AnonHugePages:      2048 kB
ShmemHugePages:        0 kB
ShmemPmdMapped:        0 kB
CmaTotal:              0 kB
CmaFree:               0 kB
HugePages_Total:       0
HugePages_Free:        0
HugePages_Rsvd:        0
HugePages_Surp:        0
Hugepagesize:       2048 kB
DirectMap4k:     2333636 kB
DirectMap2M:     5912576 kB
DirectMap1G:           0 kB


/proc/sys/kernel/threads-max (system-wide limit on the number of threads):
61848


/proc/sys/vm/max_map_count (maximum number of memory map areas a process may have):
65530


/proc/sys/kernel/pid_max (system-wide limit on number of process identifiers):
32768



container (cgroup) information:
container_type: cgroupv1
cpu_cpuset_cpus: 0-7
cpu_memory_nodes: 0
active_processor_count: 8
cpu_quota: no quota
cpu_period: 100000
cpu_shares: no shares
memory_limit_in_bytes: unlimited
memory_and_swap_limit_in_bytes: not supported
memory_soft_limit_in_bytes: unlimited
memory_usage_in_bytes: 7487463424
memory_max_usage_in_bytes: 7687147520

Steal ticks since vm start: 0
Steal ticks percentage since vm start:  0,000

CPU:total 8 (initial active 8) (4 cores per cpu, 2 threads per core) family 6 model 142 stepping 10, cmov, cx8, fxsr, mmx, sse, sse2, sse3, ssse3, sse4.1, sse4.2, popcnt, avx, avx2, aes, clmul, erms, 3dnowpref, lzcnt, ht, tsc, tscinvbit, bmi1, bmi2, adx, fma
CPU Model and flags from /proc/cpuinfo:
model name	: Intel(R) Core(TM) i5-8250U CPU @ 1.60GHz
flags		: fpu vme de pse tsc msr pae mce cx8 apic sep mtrr pge mca cmov pat pse36 clflush dts acpi mmx fxsr sse sse2 ss ht tm pbe syscall nx pdpe1gb rdtscp lm constant_tsc art arch_perfmon pebs bts rep_good nopl xtopology nonstop_tsc cpuid aperfmperf tsc_known_freq pni pclmulqdq dtes64 monitor ds_cpl vmx est tm2 ssse3 sdbg fma cx16 xtpr pdcm pcid sse4_1 sse4_2 x2apic movbe popcnt tsc_deadline_timer aes xsave avx f16c rdrand lahf_lm abm 3dnowprefetch cpuid_fault epb invpcid_single pti ssbd ibrs ibpb stibp tpr_shadow vnmi flexpriority ept vpid fsgsbase tsc_adjust bmi1 avx2 smep bmi2 erms invpcid mpx rdseed adx smap clflushopt intel_pt xsaveopt xsavec xgetbv1 xsaves dtherm ida arat pln pts hwp hwp_notify hwp_act_window hwp_epp md_clear flush_l1d

Memory: 4k page, physical 8025236k(123152k free), swap 5858300k(0k free)

vm_info: Java HotSpot(TM) 64-Bit Server VM (13.0.1+9) for linux-amd64 JRE (13.0.1+9), built on Oct  6 2019 11:33:29 by "mach5one" with gcc 8.2.0

END.
